[2024-04-01T18:10:08.618371+00:00] name.INFO: This is an informational message. [] []
[2024-04-01T18:14:13.233412+00:00] name.INFO: file upload started [] []
[2024-04-01T18:14:13.236481+00:00] name.INFO: file not found [] []
[2024-04-01T18:15:15.451168+00:00] name.INFO: file upload started [] []
[2024-04-01T18:15:15.451839+00:00] name.INFO: file not found [] []
[2024-04-01T18:15:28.972582+00:00] name.INFO: file upload started [] []
[2024-04-01T18:15:28.989925+00:00] name.INFO: file upload completed [] []
[2024-04-01T18:18:11.405732+00:00] name.INFO: file upload started [] []
[2024-04-01T18:18:11.413319+00:00] name.INFO: file upload completed [] []
[2024-04-01T18:18:41.510638+00:00] name.INFO: file upload started [] []
[2024-04-01T18:18:41.517998+00:00] name.INFO: file upload completed [] []
[2024-04-01T18:19:52.695101+00:00] name.INFO: file upload started [] []
[2024-04-01T19:08:00.661663+00:00] name.INFO: file upload started [] []
[2024-04-01T19:08:00.664436+00:00] name.INFO: file upload completed [] []
[2024-04-01T19:09:21.093508+00:00] name.INFO: file upload started [] []
[2024-04-01T19:09:21.095240+00:00] name.INFO: file upload completed [] []
[2024-04-01T19:18:15.970150+00:00] name.INFO: file upload started [] []
[2024-04-01T19:18:15.971696+00:00] name.INFO: file upload completed [] []
[2024-04-01T19:20:38.844419+00:00] name.INFO: file upload started [] []
[2024-04-01T19:20:38.845917+00:00] name.INFO: file upload completed [] []
[2024-04-01T19:21:53.277485+00:00] name.INFO: file upload started [] []
[2024-04-01T19:21:53.278937+00:00] name.INFO: file upload completed [] []
[2024-04-01T19:22:22.068273+00:00] name.INFO: file upload started [] []
[2024-04-01T19:22:22.069042+00:00] name.INFO: file upload completed [] []
[2024-04-01T19:22:54.082612+00:00] name.INFO: file upload started [] []
[2024-04-01T19:22:54.083304+00:00] name.INFO: file upload completed [] []
[2024-04-01T19:23:41.120354+00:00] name.INFO: file upload started [] []
[2024-04-01T19:23:41.122213+00:00] name.INFO: file upload completed [] []
[2024-04-01T19:25:00.919115+00:00] name.INFO: file upload started [] []
[2024-04-01T19:25:00.920433+00:00] name.INFO: file upload completed [] []
[2024-04-01T19:28:38.713654+00:00] name.INFO: file upload started [] []
[2024-04-01T19:28:38.717383+00:00] name.INFO: file upload completed [] []
[2024-04-01T19:30:39.366378+00:00] name.INFO: file upload started [] []
[2024-04-01T19:30:39.367618+00:00] name.INFO: file upload completed [] []
[2024-04-01T19:31:23.778505+00:00] name.INFO: file upload started [] []
[2024-04-01T19:31:23.779055+00:00] name.INFO: file upload completed [] []
[2024-04-01T19:32:03.089696+00:00] name.INFO: file upload started [] []
[2024-04-01T19:32:03.091120+00:00] name.INFO: file upload completed [] []
[2024-04-01T19:34:01.034366+00:00] name.INFO: file upload started [] []
[2024-04-01T19:34:01.034939+00:00] name.INFO: file upload completed [] []
[2024-04-01T19:34:39.544099+00:00] name.INFO: file upload started [] []
[2024-04-01T19:34:39.544746+00:00] name.INFO: file upload completed [] []
[2024-04-01T19:34:51.556925+00:00] name.INFO: file upload started [] []
[2024-04-01T19:34:51.557502+00:00] name.INFO: file upload completed [] []
[2024-04-01T19:35:14.956690+00:00] name.INFO: file upload started [] []
[2024-04-01T19:35:14.957247+00:00] name.INFO: file upload completed [] []
[2024-04-01T19:35:28.142475+00:00] name.INFO: file upload started [] []
[2024-04-01T19:35:28.143008+00:00] name.INFO: file upload completed [] []
[2024-04-01T19:36:17.478962+00:00] name.INFO: file upload started [] []
[2024-04-01T19:36:17.479618+00:00] name.INFO: file upload completed [] []
[2024-04-01T19:37:11.762974+00:00] name.INFO: file upload started [] []
[2024-04-01T19:37:11.763527+00:00] name.INFO: file upload completed [] []
[2024-04-01T19:38:03.042553+00:00] name.INFO: file upload started [] []
[2024-04-01T19:38:03.043156+00:00] name.INFO: file upload completed [] []
[2024-04-01T19:38:04.498880+00:00] name.INFO: file upload started [] []
[2024-04-01T19:38:04.499465+00:00] name.INFO: file upload completed [] []
[2024-04-01T19:38:05.360240+00:00] name.INFO: file upload started [] []
[2024-04-01T19:38:05.360772+00:00] name.INFO: file upload completed [] []
[2024-04-01T19:38:05.807033+00:00] name.INFO: file upload started [] []
[2024-04-01T19:38:05.807548+00:00] name.INFO: file upload completed [] []
[2024-04-01T19:38:30.183338+00:00] name.INFO: file upload started [] []
[2024-04-01T19:38:30.184266+00:00] name.INFO: file upload completed [] []
[2024-04-01T19:39:42.861172+00:00] name.INFO: file upload started [] []
[2024-04-01T19:39:42.861692+00:00] name.INFO: file upload completed [] []
[2024-04-01T19:41:34.799131+00:00] name.INFO: file upload started [] []
[2024-04-01T19:41:34.799681+00:00] name.INFO: file upload completed [] []
[2024-04-01T19:41:36.200097+00:00] name.INFO: file upload started [] []
[2024-04-01T19:41:36.200641+00:00] name.INFO: file upload completed [] []
[2024-04-01T19:41:36.589775+00:00] name.INFO: file upload started [] []
[2024-04-01T19:41:36.590336+00:00] name.INFO: file upload completed [] []
[2024-04-01T19:41:36.955803+00:00] name.INFO: file upload started [] []
[2024-04-01T19:41:36.956331+00:00] name.INFO: file upload completed [] []
[2024-04-01T19:41:48.085283+00:00] name.INFO: file upload started [] []
[2024-04-01T19:41:48.085959+00:00] name.INFO: file upload completed [] []
[2024-04-01T19:41:58.635691+00:00] name.INFO: file upload started [] []
[2024-04-01T19:41:58.636203+00:00] name.INFO: file upload completed [] []
[2024-04-01T19:44:26.050339+00:00] name.INFO: file upload started [] []
[2024-04-01T19:44:26.051560+00:00] name.INFO: file upload completed [] []
[2024-04-01T19:45:49.053782+00:00] name.INFO: file upload started [] []
[2024-04-01T19:45:49.055086+00:00] name.INFO: file upload completed [] []
[2024-04-01T19:47:38.415390+00:00] name.INFO: file upload started [] []
[2024-04-01T19:47:38.424041+00:00] name.INFO: file upload completed [] []
[2024-04-01T19:48:50.658415+00:00] name.INFO: file upload started [] []
[2024-04-01T19:48:50.660794+00:00] name.INFO: file upload completed [] []
[2024-04-01T19:49:27.367766+00:00] name.INFO: file upload started [] []
[2024-04-01T19:49:27.369027+00:00] name.INFO: file upload completed [] []
[2024-04-01T19:50:12.477946+00:00] name.INFO: file upload started [] []
[2024-04-01T19:50:12.479313+00:00] name.INFO: file upload completed [] []
[2024-04-01T19:51:06.910040+00:00] name.INFO: file upload started [] []
[2024-04-01T19:51:06.911593+00:00] name.INFO: file upload completed [] []
[2024-04-01T19:53:27.759948+00:00] name.INFO: file upload started [] []
[2024-04-01T19:53:27.762503+00:00] name.INFO: file upload completed [] []
[2024-04-01T19:53:30.313361+00:00] name.INFO: file upload started [] []
[2024-04-01T19:53:30.315016+00:00] name.INFO: file upload completed [] []
[2024-04-01T19:54:17.623487+00:00] name.INFO: file upload started [] []
[2024-04-01T19:54:17.624794+00:00] name.INFO: file upload completed [] []
[2024-04-01T19:56:26.035623+00:00] name.INFO: file upload started [] []
[2024-04-01T19:56:26.037609+00:00] name.INFO: file upload completed [] []
[2024-04-01T19:57:30.380651+00:00] name.INFO: file upload started [] []
[2024-04-01T19:57:30.384503+00:00] name.INFO: file upload completed [] []
[2024-04-01T19:57:56.438853+00:00] name.INFO: file upload started [] []
[2024-04-01T19:57:56.439394+00:00] name.INFO: file upload completed [] []
[2024-04-01T19:59:09.174542+00:00] name.INFO: file upload started [] []
[2024-04-01T19:59:09.175908+00:00] name.INFO: file upload completed [] []
[2024-04-01T20:00:37.679901+00:00] name.INFO: file upload started [] []
[2024-04-01T20:00:37.681342+00:00] name.INFO: file upload completed [] []
[2024-04-01T20:01:50.495461+00:00] name.INFO: file upload started [] []
[2024-04-01T20:01:50.496820+00:00] name.INFO: file upload completed [] []
[2024-04-01T20:01:58.435187+00:00] name.INFO: file upload started [] []
[2024-04-01T20:01:58.435760+00:00] name.INFO: file upload completed [] []
[2024-04-01T20:06:24.383882+00:00] name.INFO: file upload started [] []
[2024-04-01T20:06:24.385346+00:00] name.INFO: file upload completed [] []
[2024-04-01T21:41:13.905757+00:00] name.INFO: file upload started [] []
[2024-04-01T21:41:13.907726+00:00] name.INFO: file upload completed [] []
[2024-04-01T21:53:13.622793+00:00] name.INFO: file upload started [] []
[2024-04-01T21:53:13.625110+00:00] name.INFO: file upload completed [] []
[2024-04-01T21:55:18.454689+00:00] name.INFO: file upload started [] []
[2024-04-01T21:55:18.456327+00:00] name.INFO: file upload completed [] []
[2024-04-01T21:56:15.135136+00:00] name.INFO: file upload started [] []
[2024-04-01T21:56:15.137764+00:00] name.INFO: file upload completed [] []
[2024-04-01T21:57:55.009195+00:00] name.INFO: file upload started [] []
[2024-04-01T21:57:55.010503+00:00] name.INFO: file upload completed [] []
[2024-04-01T21:58:27.991761+00:00] name.INFO: file upload started [] []
[2024-04-01T21:58:27.993120+00:00] name.INFO: file upload completed [] []
[2024-04-01T21:58:59.870282+00:00] name.INFO: file upload started [] []
[2024-04-01T21:58:59.870864+00:00] name.INFO: file upload completed [] []
[2024-04-01T22:01:18.527777+00:00] name.INFO: file upload started [] []
[2024-04-01T22:01:18.528359+00:00] name.INFO: file upload completed [] []
[2024-04-01T22:05:09.126003+00:00] name.INFO: file upload started [] []
[2024-04-01T22:05:09.128054+00:00] name.INFO: file upload completed [] []
[2024-04-01T22:05:33.756240+00:00] name.INFO: file upload started [] []
[2024-04-01T22:05:33.757936+00:00] name.INFO: file upload completed [] []
[2024-04-01T22:06:01.121879+00:00] name.INFO: file upload started [] []
[2024-04-01T22:06:01.123936+00:00] name.INFO: file upload completed [] []
[2024-04-01T22:06:49.609788+00:00] name.INFO: file upload started [] []
[2024-04-01T22:06:49.611878+00:00] name.INFO: file upload completed [] []
[2024-04-01T22:07:44.176991+00:00] name.INFO: file upload started [] []
[2024-04-01T22:07:44.179448+00:00] name.INFO: file upload completed [] []
[2024-04-01T22:08:10.197139+00:00] name.INFO: file upload started [] []
[2024-04-01T22:08:10.197995+00:00] name.INFO: file upload completed [] []
[2024-04-01T22:08:36.574967+00:00] name.INFO: file upload started [] []
[2024-04-01T22:08:36.576048+00:00] name.INFO: file upload completed [] []
[2024-04-01T22:08:51.796384+00:00] name.INFO: file upload started [] []
[2024-04-01T22:08:51.797231+00:00] name.INFO: file upload completed [] []
[2024-04-01T22:10:05.305177+00:00] name.INFO: file upload started [] []
[2024-04-01T22:10:05.307502+00:00] name.INFO: file upload completed [] []
[2024-04-01T22:11:17.226432+00:00] name.INFO: file upload started [] []
[2024-04-01T22:11:17.228202+00:00] name.INFO: file upload completed [] []
[2024-04-01T22:11:38.861017+00:00] name.INFO: file upload started [] []
[2024-04-01T22:11:38.862608+00:00] name.INFO: file upload completed [] []
[2024-04-02T10:20:09.653233+00:00] name.INFO: file upload started [] []
[2024-04-02T10:20:09.654769+00:00] name.INFO: file not found [] []
[2024-04-02T10:20:31.753383+00:00] name.INFO: file upload started [] []
[2024-04-02T10:20:31.754407+00:00] name.INFO: file upload completed [] []
[2024-04-02T10:27:08.335494+00:00] name.INFO: file upload started [] []
[2024-04-02T10:27:08.337666+00:00] name.INFO: file upload completed [] []
[2024-04-02T10:27:58.750835+00:00] name.INFO: file upload started [] []
[2024-04-02T10:27:58.751803+00:00] name.INFO: file upload completed [] []
[2024-04-02T10:29:52.593540+00:00] name.INFO: file upload started [] []
[2024-04-02T10:29:52.594231+00:00] name.INFO: file upload completed [] []
[2024-04-02T10:30:24.287044+00:00] name.INFO: file upload started [] []
[2024-04-02T10:30:24.287606+00:00] name.INFO: file upload completed [] []
[2024-04-02T10:30:24.307774+00:00] name.ERROR: Invalid xpath activityGrid_class [] []
[2024-04-02T10:31:08.817603+00:00] name.INFO: file upload started [] []
[2024-04-02T10:31:08.818190+00:00] name.INFO: file upload completed [] []
[2024-04-02T10:35:47.913889+00:00] name.INFO: file upload started [] []
[2024-04-02T10:35:47.914597+00:00] name.INFO: file upload completed [] []
[2024-04-02T10:36:01.102071+00:00] name.INFO: file upload started [] []
[2024-04-02T10:36:01.102728+00:00] name.INFO: file upload completed [] []
[2024-04-02T10:43:31.132046+00:00] name.INFO: file upload started [] []
[2024-04-02T10:43:31.133801+00:00] name.INFO: file upload completed [] []
[2024-04-02T10:44:09.592627+00:00] name.INFO: file upload started [] []
[2024-04-02T10:44:09.593195+00:00] name.INFO: file upload completed [] []
[2024-04-02T10:44:20.413165+00:00] name.INFO: file upload started [] []
[2024-04-02T10:44:20.414155+00:00] name.INFO: file upload completed [] []
[2024-04-02T10:45:44.857412+00:00] name.INFO: file upload started [] []
[2024-04-02T10:45:44.859040+00:00] name.INFO: file upload completed [] []
[2024-04-02T10:46:42.006938+00:00] name.INFO: file upload started [] []
[2024-04-02T10:46:42.008234+00:00] name.INFO: file upload completed [] []
[2024-04-02T10:51:17.777649+00:00] name.INFO: file upload started [] []
[2024-04-02T10:51:17.779307+00:00] name.INFO: file upload completed [] []
[2024-04-02T11:11:16.387494+00:00] name.INFO: file upload started [] []
[2024-04-02T11:11:16.389382+00:00] name.INFO: file upload completed [] []
[2024-04-02T11:12:01.760869+00:00] name.INFO: file upload started [] []
[2024-04-02T11:12:01.762722+00:00] name.INFO: file upload completed [] []
[2024-04-02T11:12:33.419997+00:00] name.INFO: file upload started [] []
[2024-04-02T11:12:33.420954+00:00] name.INFO: file upload completed [] []
[2024-04-02T11:20:44.337103+00:00] name.INFO: file upload started [] []
[2024-04-02T11:20:44.341540+00:00] name.INFO: file upload completed [] []
[2024-04-03T09:35:17.071616+00:00] name.INFO: file upload started [] []
[2024-04-03T09:35:17.073568+00:00] name.INFO: file upload completed [] []
[2024-04-03T09:36:57.219678+00:00] name.INFO: file upload started [] []
[2024-04-03T09:36:57.220401+00:00] name.INFO: file upload completed [] []
[2024-04-03T10:53:08.328354+00:00] name.INFO: file upload started [] []
[2024-04-03T10:53:08.333456+00:00] name.INFO: file upload completed [] []
[2024-04-03T10:53:44.965182+00:00] name.INFO: file upload started [] []
[2024-04-03T10:53:44.966292+00:00] name.INFO: file upload completed [] []
[2024-04-03T10:53:53.152331+00:00] name.INFO: file upload started [] []
[2024-04-03T10:53:53.153222+00:00] name.INFO: file upload completed [] []
[2024-04-03T10:54:24.738514+00:00] name.INFO: file upload started [] []
[2024-04-03T10:54:24.741017+00:00] name.INFO: file upload completed [] []
[2024-04-03T10:57:27.481692+00:00] name.INFO: file upload started [] []
[2024-04-03T10:57:27.482562+00:00] name.INFO: file upload completed [] []
[2024-04-03T10:59:01.391048+00:00] name.INFO: file upload started [] []
[2024-04-03T10:59:01.391889+00:00] name.INFO: file upload completed [] []
[2024-04-03T10:59:19.421873+00:00] name.INFO: file upload started [] []
[2024-04-03T10:59:19.422658+00:00] name.INFO: file upload completed [] []
[2024-04-03T11:00:33.322437+00:00] name.INFO: file upload started [] []
[2024-04-03T11:00:33.323395+00:00] name.INFO: file upload completed [] []
[2024-04-03T11:00:52.533022+00:00] name.INFO: file upload started [] []
[2024-04-03T11:00:52.533880+00:00] name.INFO: file upload completed [] []
[2024-04-03T11:01:53.418841+00:00] name.INFO: file upload started [] []
[2024-04-03T11:01:53.419955+00:00] name.INFO: file upload completed [] []
[2024-04-03T11:03:14.742222+00:00] name.INFO: file upload started [] []
[2024-04-03T11:03:14.743128+00:00] name.INFO: file upload completed [] []
[2024-04-03T11:03:36.842637+00:00] name.INFO: file upload started [] []
[2024-04-03T11:03:36.843544+00:00] name.INFO: file upload completed [] []
[2024-04-03T11:04:33.953391+00:00] name.INFO: file upload started [] []
[2024-04-03T11:04:33.954255+00:00] name.INFO: file upload completed [] []
[2024-04-03T11:04:51.071337+00:00] name.INFO: file upload started [] []
[2024-04-03T11:04:51.071984+00:00] name.INFO: file upload completed [] []
[2024-04-03T16:49:34.590903+00:00] name.INFO: file upload started [] []
[2024-04-03T16:49:34.593235+00:00] name.INFO: file upload completed [] []
[2024-04-03T16:56:35.617620+00:00] name.INFO: file upload started [] []
[2024-04-03T16:56:35.620129+00:00] name.INFO: file upload completed [] []
[2024-04-03T17:11:49.577678+00:00] name.INFO: file upload started [] []
[2024-04-03T17:11:49.578425+00:00] name.INFO: file upload completed [] []
[2024-04-03T17:13:41.162978+00:00] name.INFO: file upload started [] []
[2024-04-03T17:13:41.163593+00:00] name.INFO: file upload completed [] []
[2024-04-03T17:15:35.833921+00:00] name.INFO: file upload started [] []
[2024-04-03T17:15:35.834616+00:00] name.INFO: file upload completed [] []
[2024-04-03T17:15:54.272973+00:00] name.INFO: file upload started [] []
[2024-04-03T17:15:54.273641+00:00] name.INFO: file upload completed [] []
[2024-04-03T17:16:09.528946+00:00] name.INFO: file upload started [] []
[2024-04-03T17:16:09.529533+00:00] name.INFO: file upload completed [] []
[2024-04-03T17:17:59.853167+00:00] name.INFO: file upload started [] []
[2024-04-03T17:17:59.853983+00:00] name.INFO: file upload completed [] []
[2024-04-03T17:22:23.600402+00:00] name.INFO: file upload started [] []
[2024-04-03T17:22:23.601091+00:00] name.INFO: file upload completed [] []
[2024-04-03T17:22:38.940827+00:00] name.INFO: file upload started [] []
[2024-04-03T17:22:38.941893+00:00] name.INFO: file upload completed [] []
[2024-04-03T17:23:25.241956+00:00] name.INFO: file upload started [] []
[2024-04-03T17:23:25.242848+00:00] name.INFO: file upload completed [] []
[2024-04-03T17:23:54.345701+00:00] name.INFO: file upload started [] []
[2024-04-03T17:23:54.346325+00:00] name.INFO: file upload completed [] []
[2024-04-03T17:24:11.973036+00:00] name.INFO: file upload started [] []
[2024-04-03T17:24:11.973675+00:00] name.INFO: file upload completed [] []
[2024-04-03T17:24:36.210329+00:00] name.INFO: file upload started [] []
[2024-04-03T17:24:36.210980+00:00] name.INFO: file upload completed [] []
[2024-04-03T17:25:11.626084+00:00] name.INFO: file upload started [] []
[2024-04-03T17:25:11.626854+00:00] name.INFO: file upload completed [] []
[2024-04-03T17:25:41.027209+00:00] name.INFO: file upload started [] []
[2024-04-03T17:25:41.027845+00:00] name.INFO: file upload completed [] []
[2024-04-03T17:26:00.280735+00:00] name.INFO: file upload started [] []
[2024-04-03T17:26:00.281342+00:00] name.INFO: file upload completed [] []
[2024-04-03T17:26:33.863655+00:00] name.INFO: file upload started [] []
[2024-04-03T17:26:33.864682+00:00] name.INFO: file upload completed [] []
[2024-04-03T17:26:54.040632+00:00] name.INFO: file upload started [] []
[2024-04-03T17:26:54.041575+00:00] name.INFO: file upload completed [] []
[2024-04-03T17:27:10.222415+00:00] name.INFO: file upload started [] []
[2024-04-03T17:27:10.223603+00:00] name.INFO: file upload completed [] []
[2024-04-03T17:27:26.842204+00:00] name.INFO: file upload started [] []
[2024-04-03T17:27:26.843024+00:00] name.INFO: file upload completed [] []
[2024-04-03T17:28:10.928876+00:00] name.INFO: file upload started [] []
[2024-04-03T17:28:10.929509+00:00] name.INFO: file upload completed [] []
[2024-04-03T17:29:42.462685+00:00] name.INFO: file upload started [] []
[2024-04-03T17:29:42.463560+00:00] name.INFO: file upload completed [] []
[2024-04-03T17:31:29.624854+00:00] name.INFO: file upload started [] []
[2024-04-03T17:31:29.625559+00:00] name.INFO: file upload completed [] []
[2024-04-03T17:32:02.769403+00:00] name.INFO: file upload started [] []
[2024-04-03T17:32:02.770016+00:00] name.INFO: file upload completed [] []
[2024-04-03T17:33:02.899470+00:00] name.INFO: file upload started [] []
[2024-04-03T17:33:02.900106+00:00] name.INFO: file upload completed [] []
[2024-04-03T17:33:12.949270+00:00] name.INFO: file upload started [] []
[2024-04-03T17:33:12.949922+00:00] name.INFO: file upload completed [] []
[2024-04-03T17:35:49.137447+00:00] name.INFO: file upload started [] []
[2024-04-03T17:35:49.138240+00:00] name.INFO: file upload completed [] []
[2024-04-03T17:36:32.978921+00:00] name.INFO: file upload started [] []
[2024-04-03T17:36:32.979481+00:00] name.INFO: file upload completed [] []
[2024-04-03T17:36:43.086626+00:00] name.INFO: file upload started [] []
[2024-04-03T17:36:43.087452+00:00] name.INFO: file upload completed [] []
[2024-04-03T17:40:42.585655+00:00] name.INFO: file upload started [] []
[2024-04-03T17:40:42.586371+00:00] name.INFO: file upload completed [] []
[2024-04-03T17:40:55.379380+00:00] name.INFO: file upload started [] []
[2024-04-03T17:40:55.380374+00:00] name.INFO: file upload completed [] []
[2024-04-03T17:41:08.696218+00:00] name.INFO: file upload started [] []
[2024-04-03T17:41:08.697028+00:00] name.INFO: file upload completed [] []
[2024-04-05T15:09:08.894872+00:00] name.INFO: file upload started [] []
[2024-04-05T15:09:08.896709+00:00] name.INFO: file upload completed [] []
[2024-04-05T15:14:17.935624+00:00] name.INFO: file upload started [] []
[2024-04-05T15:14:17.937044+00:00] name.INFO: file upload completed [] []
[2024-04-05T15:17:49.038701+00:00] name.INFO: file upload started [] []
[2024-04-05T15:17:49.039317+00:00] name.INFO: file upload completed [] []
[2024-04-05T15:19:22.367225+00:00] name.INFO: file upload started [] []
[2024-04-05T15:19:22.369281+00:00] name.INFO: file upload completed [] []
[2024-04-05T15:19:46.294512+00:00] name.INFO: file upload started [] []
[2024-04-05T15:19:46.295080+00:00] name.INFO: file upload completed [] []
[2024-04-05T15:20:12.960396+00:00] name.INFO: file upload started [] []
[2024-04-05T15:20:12.960956+00:00] name.INFO: file upload completed [] []
[2024-04-05T15:29:50.201547+00:00] name.INFO: file upload started [] []
[2024-04-05T15:29:50.202146+00:00] name.INFO: file upload completed [] []
[2024-04-05T15:36:09.243036+00:00] name.INFO: file upload started [] []
[2024-04-05T15:36:09.243693+00:00] name.INFO: file upload completed [] []
[2024-04-05T15:37:07.881529+00:00] name.INFO: file upload started [] []
[2024-04-05T15:37:07.882351+00:00] name.INFO: file upload completed [] []
[2024-04-05T15:38:08.037034+00:00] name.INFO: file upload started [] []
[2024-04-05T15:38:08.037597+00:00] name.INFO: file upload completed [] []
[2024-04-05T15:38:45.492638+00:00] name.INFO: file upload started [] []
[2024-04-05T15:38:45.493185+00:00] name.INFO: file upload completed [] []
[2024-04-05T15:38:54.164083+00:00] name.INFO: file upload started [] []
[2024-04-05T15:38:54.164649+00:00] name.INFO: file upload completed [] []
[2024-04-05T15:45:43.945791+00:00] name.INFO: file upload started [] []
[2024-04-05T15:45:43.946398+00:00] name.INFO: file upload completed [] []
[2024-04-05T15:46:01.331255+00:00] name.INFO: file upload started [] []
[2024-04-05T15:46:01.333231+00:00] name.INFO: file upload completed [] []
[2024-04-05T15:47:52.951815+00:00] name.INFO: file upload started [] []
[2024-04-05T15:47:52.952423+00:00] name.INFO: file upload completed [] []
[2024-04-05T15:48:18.565315+00:00] name.INFO: file upload started [] []
[2024-04-05T15:48:18.565876+00:00] name.INFO: file upload completed [] []
[2024-04-05T16:00:39.858543+00:00] name.INFO: file upload started [] []
[2024-04-05T16:00:39.859114+00:00] name.INFO: file upload completed [] []
[2024-04-05T16:02:34.240625+00:00] name.INFO: file upload started [] []
[2024-04-05T16:02:34.241244+00:00] name.INFO: file upload completed [] []
[2024-04-05T16:02:58.378831+00:00] name.INFO: file upload started [] []
[2024-04-05T16:02:58.379419+00:00] name.INFO: file upload completed [] []
[2024-04-05T16:04:08.149322+00:00] name.INFO: file upload started [] []
[2024-04-05T16:04:08.149864+00:00] name.INFO: file upload completed [] []
[2024-04-05T16:04:50.037942+00:00] name.INFO: file upload started [] []
[2024-04-05T16:04:50.038509+00:00] name.INFO: file upload completed [] []
[2024-04-05T16:05:42.069433+00:00] name.INFO: file upload started [] []
[2024-04-05T16:05:42.069980+00:00] name.INFO: file upload completed [] []
[2024-04-05T16:27:22.579863+00:00] name.ERROR: Database file at path [database/database.sqlite] does not exist. Ensure this is an absolute path to the database. (Connection: sqlite, SQL: select * from "activities") [] []
[2024-04-05T16:32:30.087838+00:00] name.ERROR: Database file at path [database/database.sqlite] does not exist. Ensure this is an absolute path to the database. (Connection: sqlite, SQL: select * from "activities") [] []
[2024-04-05T16:38:47.980565+00:00] name.ERROR: Database file at path [database/database.sqlite] does not exist. Ensure this is an absolute path to the database. (Connection: sqlite, SQL: select * from "activities") [] []
[2024-04-05T16:39:33.733574+00:00] name.ERROR: Database file at path [/database/database.sqlite] does not exist. Ensure this is an absolute path to the database. (Connection: sqlite, SQL: select * from "activities") [] []
[2024-04-05T16:39:41.693087+00:00] name.ERROR: Database file at path [database/database.sqlite] does not exist. Ensure this is an absolute path to the database. (Connection: sqlite, SQL: select * from "activities") [] []
[2024-04-05T16:43:48.009163+00:00] name.INFO: file upload started [] []
[2024-04-05T16:43:48.010678+00:00] name.INFO: file upload completed [] []
[2024-04-05T16:43:48.073633+00:00] name.ERROR: Invalid xpath SQLSTATE[HY000]: General error: 1 table activities has no column named activity (Connection: sqlite, SQL: insert into "activities" ("activity", "activity_acreg", "activity_blh", "activity_cc", "activity_check_in_l", "activity_check_in_z", "activity_check_out_l", "activity_check_out_z", "activity_crew_meal", "activity_date", "activity_dc", "activity_dur", "activity_ext", "activity_fdp_time", "activity_flight_time", "activity_from", "activity_from_std_l", "activity_from_std_z", "activity_hd_crew", "activity_hd_name", "activity_hd_seat", "activity_hotel", "activity_max_fdp", "activity_name", "activity_night_time", "activity_pax_booked", "activity_pos", "activity_remark", "activity_remarks", "activity_resources", "activity_rest_compl", "activity_rev", "activity_to", "activity_to_std_l", "activity_to_std_z", "activity_work_phone") values (["DX77","DX80","DX83","DX82"], ["OYJRY","OYJRY","OYJRY","OYJRY"], {"3":"3:20"}, ["JBNTHIILV","|","|","|"], ["0845"], ["0745"], {"3":"1855"}, [], [], ["Mon 10"], [], {"3":"10:10"}, [], {"3":"9:50"}, {"3":"0:50"}, ["KRP","CPH","KRP","CPH"], ["0945","1445","1620","1745"], ["0845","1345","1520","1645"], {"3":"VIO"}, [], [], ["DO4","DO4","DO4","DO4"], {"3":"12:00"}, {"1":"|","2":"|","3":"|"}, [], [], ["CP (PIC)FOCA","|","|","|"], ["DX 0077","DX 0080","DX 0083","DX 0082"], [], [], {"3":"0655+1"}, [], ["CPH","KRP","CPH","KRP"], ["1035","1535","1710","1835"], ["0935","1435","1610","1735"], []), (["DX77","DX80","DX83","DX82"], ["OYJRY","OYJRY","OYJRY","OYJRY"], {"3":"3:20"}, ["LETTHIILV","|","|","|"], ["0845"], ["0745"], {"3":"1855"}, [], [], ["Tue 11"], [], {"3":"10:10"}, [], {"3":"9:50"}, {"3":"0:50"}, ["KRP","CPH","KRP","CPH"], ["0945","1445","1620","1745"], ["0845","1345","1520","1645"], [], [], [], ["DO4","DO4","DO4","DO4"], {"3":"12:00"}, {"1":"|","2":"|","3":"|"}, [], [], {"1":"|","2":"|","3":"|"}, ["DX 0077","DX 0080","DX 0083","DX 0082"], [], [], {"3":"0655+1"}, [], ["CPH","KRP","CPH","KRP"], ["1035","1535","1710","1835"], ["0935","1435","1610","1735"], []), (["OFF"], [], [], ["ILV"], [], [], [], [], [], ["Wed 12"], [], [], [], [], [], ["KRP"], ["0000"], ["2300-1"], [], [], [], [], [], [], [], [], ["-"], ["OFF"], [], [], [], [], ["KRP"], ["2400"], ["2300"], []), (["OFF"], [], [], ["|"], [], [], [], [], [], ["Thu 13"], [], [], [], [], [], ["KRP"], ["0000"], ["2300-1"], [], [], [], [], [], ["|"], [], [], ["|"], ["OFF"], [], [], [], [], ["KRP"], ["2400"], ["2300"], []), (["OFF"], [], [], ["|"], [], [], [], [], [], ["Fri 14"], [], [], [], [], [], ["KRP"], ["0000"], ["2300-1"], [], [], [], [], [], ["|"], [], [], ["|"], ["OFF"], [], [], [], [], ["KRP"], ["2400"], ["2300"], []), (["SBY"], [], ["0:00"], ["|"], ["0600"], ["0500"], ["1800"], [], [], ["Sat 15"], [], ["3:00"], [], [], [], ["KRP"], ["0600"], ["0500"], [], [], [], [], ["4:00"], ["|"], [], [], ["|"], ["SBY"], [], [], ["0600+1"], [], ["KRP"], ["1800"], ["1700"], []), (["SBY"], [], ["0:00"], ["|"], ["0600"], ["0500"], ["1800"], [], [], ["Sun 16"], [], ["3:00"], [], [], [], ["KRP"], ["0600"], ["0500"], [], [], [], [], ["4:00"], ["|"], [], [], ["|"], ["SBY"], [], [], ["0600+1"], [], ["KRP"], ["1800"], ["1700"], []), (["DX77","DX80","DX83","DX82"], ["OYJRY","OYJRY","OYJRY","OYJRY"], {"3":"3:20"}, ["HANTHIILV","|","|","|"], ["0845"], ["0745"], {"3":"1855"}, [], [], ["Mon 17"], [], {"3":"10:10"}, [], {"3":"9:50"}, {"3":"0:50"}, ["KRP","CPH","KRP","CPH"], ["0945","1445","1620","1745"], ["0845","1345","1520","1645"], {"1":"LAF","2":"TIO"}, [], [], ["DO4","DO4","DO4","DO4"], {"3":"12:00"}, {"1":"|","2":"|","3":"|"}, [], [], ["CP (PIC)FOCA","|","|","|"], ["DX 0077","DX 0080","DX 0083","DX 0082"], [], [], {"3":"0655+1"}, [], ["CPH","KRP","CPH","KRP"], ["1035","1535","1710","1835"], ["0935","1435","1610","1735"], []), (["OFF"], [], [], ["ILV"], [], [], [], [], [], ["Tue 18"], [], [], [], [], [], ["KRP"], ["0000"], ["2300-1"], [], [], [], [], [], [], [], [], ["-"], ["OFF"], [], [], [], [], ["KRP"], ["2400"], ["2300"], []), (["OFF"], [], [], ["|"], [], [], [], [], [], ["Wed 19"], [], [], [], [], [], ["KRP"], ["0000"], ["2300-1"], [], [], [], [], [], ["|"], [], [], ["|"], ["OFF"], [], [], [], [], ["KRP"], ["2400"], ["2300"], []), (["DX73","DX74","DX77","DX80"], ["OYJRY","OYJRY","OYJRY","OYJRY"], {"3":"3:25"}, ["HANBROILV","|","|","|"], ["0600"], ["0500"], {"3":"1530"}, [], [], ["Thu 20"], [], {"3":"9:30"}, [], {"3":"9:10"}, {"3":"0:55"}, ["KRP","CPH","KRP","CPH"], ["0700","0820","0945","1415"], ["0600","0720","0845","1315"], {"3":"TIO"}, [], [], ["DO4","DO4","DO4","DO4"], {"3":"12:00"}, {"1":"|","2":"|","3":"|"}, [], [], ["CP (PIC)FOCA","|","|","|"], ["DX 0073","DX 0074","DX 0077","DX 0080"], [], [], {"3":"0330+1"}, [], ["CPH","KRP","CPH","KRP"], ["0750","0910","1035","1510"], ["0650","0810","0935","1410"], []), (["DX73","DX74","DX77","DX80"], ["OYJRY","OYJRY","OYJRY","OYJRY"], {"3":"3:25"}, ["TIOTHIILV","|","|","|"], ["0600"], ["0500"], {"3":"1600"}, [], [], ["Fri 21"], [], {"3":"10:00"}, [], {"3":"9:40"}, {"3":"0:55"}, ["KRP","CPH","KRP","CPH"], ["0700","0820","0945","1445"], ["0600","0720","0845","1345"], {"2":"NAH","3":"LET"}, [], [], ["DO4","DO4","DO4","DO4"], {"3":"12:00"}, {"1":"|","2":"|","3":"|"}, [], [], ["CP (PIC)FOCA","|","|","|"], ["DX 0073","DX 0074","DX 0077","DX 0080"], [], [], {"3":"0400+1"}, [], ["CPH","KRP","CPH","KRP"], ["0750","0910","1035","1540"], ["0650","0810","0935","1440"], []), (["CAR","DX21","DX22","CAR"], {"1":"OYJRJ","2":"OYJRJ"}, {"3":"2:20"}, {"1":"HANTHIILV","2":"|"}, ["0655","0820"], ["0555","0720"], {"3":"1410"}, [], [], ["Sat 22"], {"0":"DH","3":"DH"}, {"3":"7:15"}, [], {"3":"5:15"}, [], ["KRP","EBJ","SVG","EBJ"], ["0655","0920","1100","1230"], ["0555","0820","1000","1130"], [], [], [], {"1":"DO4","2":"DO4"}, {"3":"13:00"}, {"2":"|"}, [], [], {"1":"CP (PIC)FOCA","2":"|"}, ["Comapany Car","DX 0021","DX 0022","Company Car"], [], [], {"3":"0210+1"}, [], ["EBJ","SVG","EBJ","KRP"], ["0820","1030","1210","1410"], ["0720","0930","1110","1310"], []), (["DX79","DX82","DX85","DX86"], ["OYJRY","OYJRY","OYJRY","OYJRY"], {"3":"3:20"}, ["HANBROILV","|","|","|"], ["1045"], ["0945"], {"3":"2050"}, [], [], ["Sun 23"], [], {"3":"10:05"}, [], {"3":"9:45"}, {"3":"0:50"}, ["KRP","CPH","KRP","CPH"], ["1145","1700","1820","1940"], ["1045","1600","1720","1840"], {"1":"NAH"}, [], [], ["DO4","DO4","DO4","DO4"], {"3":"12:00"}, {"1":"|","2":"|","3":"|"}, [], [], ["CP (PIC)FOCA","|","|","|"], ["DX 0079","DX 0082","DX 0085","DX 0086"], [], [], {"3":"0850+1"}, [], ["CPH","KRP","CPH","KRP"], ["1235","1750","1910","2030"], ["1135","1650","1810","1930"], [])) [] []
[2024-04-05T16:44:32.156188+00:00] name.INFO: file upload started [] []
[2024-04-05T16:44:32.156798+00:00] name.INFO: file upload completed [] []
[2024-04-05T16:44:32.181672+00:00] name.ERROR: Invalid xpath SQLSTATE[HY000]: General error: 1 table activities has no column named activity (Connection: sqlite, SQL: insert into "activities" ("activity", "activity_acreg", "activity_blh", "activity_cc", "activity_check_in_l", "activity_check_in_z", "activity_check_out_l", "activity_check_out_z", "activity_crew_meal", "activity_date", "activity_dc", "activity_dur", "activity_ext", "activity_fdp_time", "activity_flight_time", "activity_from", "activity_from_std_l", "activity_from_std_z", "activity_hd_crew", "activity_hd_name", "activity_hd_seat", "activity_hotel", "activity_max_fdp", "activity_name", "activity_night_time", "activity_pax_booked", "activity_pos", "activity_remark", "activity_remarks", "activity_resources", "activity_rest_compl", "activity_rev", "activity_to", "activity_to_std_l", "activity_to_std_z", "activity_work_phone") values (["DX77","DX80","DX83","DX82"], ["OYJRY","OYJRY","OYJRY","OYJRY"], {"3":"3:20"}, ["JBNTHIILV","|","|","|"], ["0845"], ["0745"], {"3":"1855"}, [], [], ["Mon 10"], [], {"3":"10:10"}, [], {"3":"9:50"}, {"3":"0:50"}, ["KRP","CPH","KRP","CPH"], ["0945","1445","1620","1745"], ["0845","1345","1520","1645"], {"3":"VIO"}, [], [], ["DO4","DO4","DO4","DO4"], {"3":"12:00"}, {"1":"|","2":"|","3":"|"}, [], [], ["CP (PIC)FOCA","|","|","|"], ["DX 0077","DX 0080","DX 0083","DX 0082"], [], [], {"3":"0655+1"}, [], ["CPH","KRP","CPH","KRP"], ["1035","1535","1710","1835"], ["0935","1435","1610","1735"], []), (["DX77","DX80","DX83","DX82"], ["OYJRY","OYJRY","OYJRY","OYJRY"], {"3":"3:20"}, ["LETTHIILV","|","|","|"], ["0845"], ["0745"], {"3":"1855"}, [], [], ["Tue 11"], [], {"3":"10:10"}, [], {"3":"9:50"}, {"3":"0:50"}, ["KRP","CPH","KRP","CPH"], ["0945","1445","1620","1745"], ["0845","1345","1520","1645"], [], [], [], ["DO4","DO4","DO4","DO4"], {"3":"12:00"}, {"1":"|","2":"|","3":"|"}, [], [], {"1":"|","2":"|","3":"|"}, ["DX 0077","DX 0080","DX 0083","DX 0082"], [], [], {"3":"0655+1"}, [], ["CPH","KRP","CPH","KRP"], ["1035","1535","1710","1835"], ["0935","1435","1610","1735"], []), (["OFF"], [], [], ["ILV"], [], [], [], [], [], ["Wed 12"], [], [], [], [], [], ["KRP"], ["0000"], ["2300-1"], [], [], [], [], [], [], [], [], ["-"], ["OFF"], [], [], [], [], ["KRP"], ["2400"], ["2300"], []), (["OFF"], [], [], ["|"], [], [], [], [], [], ["Thu 13"], [], [], [], [], [], ["KRP"], ["0000"], ["2300-1"], [], [], [], [], [], ["|"], [], [], ["|"], ["OFF"], [], [], [], [], ["KRP"], ["2400"], ["2300"], []), (["OFF"], [], [], ["|"], [], [], [], [], [], ["Fri 14"], [], [], [], [], [], ["KRP"], ["0000"], ["2300-1"], [], [], [], [], [], ["|"], [], [], ["|"], ["OFF"], [], [], [], [], ["KRP"], ["2400"], ["2300"], []), (["SBY"], [], ["0:00"], ["|"], ["0600"], ["0500"], ["1800"], [], [], ["Sat 15"], [], ["3:00"], [], [], [], ["KRP"], ["0600"], ["0500"], [], [], [], [], ["4:00"], ["|"], [], [], ["|"], ["SBY"], [], [], ["0600+1"], [], ["KRP"], ["1800"], ["1700"], []), (["SBY"], [], ["0:00"], ["|"], ["0600"], ["0500"], ["1800"], [], [], ["Sun 16"], [], ["3:00"], [], [], [], ["KRP"], ["0600"], ["0500"], [], [], [], [], ["4:00"], ["|"], [], [], ["|"], ["SBY"], [], [], ["0600+1"], [], ["KRP"], ["1800"], ["1700"], []), (["DX77","DX80","DX83","DX82"], ["OYJRY","OYJRY","OYJRY","OYJRY"], {"3":"3:20"}, ["HANTHIILV","|","|","|"], ["0845"], ["0745"], {"3":"1855"}, [], [], ["Mon 17"], [], {"3":"10:10"}, [], {"3":"9:50"}, {"3":"0:50"}, ["KRP","CPH","KRP","CPH"], ["0945","1445","1620","1745"], ["0845","1345","1520","1645"], {"1":"LAF","2":"TIO"}, [], [], ["DO4","DO4","DO4","DO4"], {"3":"12:00"}, {"1":"|","2":"|","3":"|"}, [], [], ["CP (PIC)FOCA","|","|","|"], ["DX 0077","DX 0080","DX 0083","DX 0082"], [], [], {"3":"0655+1"}, [], ["CPH","KRP","CPH","KRP"], ["1035","1535","1710","1835"], ["0935","1435","1610","1735"], []), (["OFF"], [], [], ["ILV"], [], [], [], [], [], ["Tue 18"], [], [], [], [], [], ["KRP"], ["0000"], ["2300-1"], [], [], [], [], [], [], [], [], ["-"], ["OFF"], [], [], [], [], ["KRP"], ["2400"], ["2300"], []), (["OFF"], [], [], ["|"], [], [], [], [], [], ["Wed 19"], [], [], [], [], [], ["KRP"], ["0000"], ["2300-1"], [], [], [], [], [], ["|"], [], [], ["|"], ["OFF"], [], [], [], [], ["KRP"], ["2400"], ["2300"], []), (["DX73","DX74","DX77","DX80"], ["OYJRY","OYJRY","OYJRY","OYJRY"], {"3":"3:25"}, ["HANBROILV","|","|","|"], ["0600"], ["0500"], {"3":"1530"}, [], [], ["Thu 20"], [], {"3":"9:30"}, [], {"3":"9:10"}, {"3":"0:55"}, ["KRP","CPH","KRP","CPH"], ["0700","0820","0945","1415"], ["0600","0720","0845","1315"], {"3":"TIO"}, [], [], ["DO4","DO4","DO4","DO4"], {"3":"12:00"}, {"1":"|","2":"|","3":"|"}, [], [], ["CP (PIC)FOCA","|","|","|"], ["DX 0073","DX 0074","DX 0077","DX 0080"], [], [], {"3":"0330+1"}, [], ["CPH","KRP","CPH","KRP"], ["0750","0910","1035","1510"], ["0650","0810","0935","1410"], []), (["DX73","DX74","DX77","DX80"], ["OYJRY","OYJRY","OYJRY","OYJRY"], {"3":"3:25"}, ["TIOTHIILV","|","|","|"], ["0600"], ["0500"], {"3":"1600"}, [], [], ["Fri 21"], [], {"3":"10:00"}, [], {"3":"9:40"}, {"3":"0:55"}, ["KRP","CPH","KRP","CPH"], ["0700","0820","0945","1445"], ["0600","0720","0845","1345"], {"2":"NAH","3":"LET"}, [], [], ["DO4","DO4","DO4","DO4"], {"3":"12:00"}, {"1":"|","2":"|","3":"|"}, [], [], ["CP (PIC)FOCA","|","|","|"], ["DX 0073","DX 0074","DX 0077","DX 0080"], [], [], {"3":"0400+1"}, [], ["CPH","KRP","CPH","KRP"], ["0750","0910","1035","1540"], ["0650","0810","0935","1440"], []), (["CAR","DX21","DX22","CAR"], {"1":"OYJRJ","2":"OYJRJ"}, {"3":"2:20"}, {"1":"HANTHIILV","2":"|"}, ["0655","0820"], ["0555","0720"], {"3":"1410"}, [], [], ["Sat 22"], {"0":"DH","3":"DH"}, {"3":"7:15"}, [], {"3":"5:15"}, [], ["KRP","EBJ","SVG","EBJ"], ["0655","0920","1100","1230"], ["0555","0820","1000","1130"], [], [], [], {"1":"DO4","2":"DO4"}, {"3":"13:00"}, {"2":"|"}, [], [], {"1":"CP (PIC)FOCA","2":"|"}, ["Comapany Car","DX 0021","DX 0022","Company Car"], [], [], {"3":"0210+1"}, [], ["EBJ","SVG","EBJ","KRP"], ["0820","1030","1210","1410"], ["0720","0930","1110","1310"], []), (["DX79","DX82","DX85","DX86"], ["OYJRY","OYJRY","OYJRY","OYJRY"], {"3":"3:20"}, ["HANBROILV","|","|","|"], ["1045"], ["0945"], {"3":"2050"}, [], [], ["Sun 23"], [], {"3":"10:05"}, [], {"3":"9:45"}, {"3":"0:50"}, ["KRP","CPH","KRP","CPH"], ["1145","1700","1820","1940"], ["1045","1600","1720","1840"], {"1":"NAH"}, [], [], ["DO4","DO4","DO4","DO4"], {"3":"12:00"}, {"1":"|","2":"|","3":"|"}, [], [], ["CP (PIC)FOCA","|","|","|"], ["DX 0079","DX 0082","DX 0085","DX 0086"], [], [], {"3":"0850+1"}, [], ["CPH","KRP","CPH","KRP"], ["1235","1750","1910","2030"], ["1135","1650","1810","1930"], [])) [] []
[2024-04-05T16:56:29.908784+00:00] name.INFO: file upload started [] []
[2024-04-05T16:56:29.909389+00:00] name.INFO: file upload completed [] []
[2024-04-05T16:56:29.936886+00:00] name.ERROR: Invalid xpath SQLSTATE[HY000]: General error: 1 table activities has no column named activity (Connection: sqlite, SQL: insert into "activities" ("activity", "activity_acreg", "activity_blh", "activity_cc", "activity_check_in_l", "activity_check_in_z", "activity_check_out_l", "activity_check_out_z", "activity_crew_meal", "activity_date", "activity_dc", "activity_dur", "activity_ext", "activity_fdp_time", "activity_flight_time", "activity_from", "activity_from_std_l", "activity_from_std_z", "activity_hd_crew", "activity_hd_name", "activity_hd_seat", "activity_hotel", "activity_max_fdp", "activity_name", "activity_night_time", "activity_pax_booked", "activity_pos", "activity_remark", "activity_remarks", "activity_resources", "activity_rest_compl", "activity_rev", "activity_to", "activity_to_std_l", "activity_to_std_z", "activity_work_phone") values (["DX77","DX80","DX83","DX82"], ["OYJRY","OYJRY","OYJRY","OYJRY"], {"3":"3:20"}, ["JBNTHIILV","|","|","|"], ["0845"], ["0745"], {"3":"1855"}, [], [], ["Mon 10"], [], {"3":"10:10"}, [], {"3":"9:50"}, {"3":"0:50"}, ["KRP","CPH","KRP","CPH"], ["0945","1445","1620","1745"], ["0845","1345","1520","1645"], {"3":"VIO"}, [], [], ["DO4","DO4","DO4","DO4"], {"3":"12:00"}, {"1":"|","2":"|","3":"|"}, [], [], ["CP (PIC)FOCA","|","|","|"], ["DX 0077","DX 0080","DX 0083","DX 0082"], [], [], {"3":"0655+1"}, [], ["CPH","KRP","CPH","KRP"], ["1035","1535","1710","1835"], ["0935","1435","1610","1735"], []), (["DX77","DX80","DX83","DX82"], ["OYJRY","OYJRY","OYJRY","OYJRY"], {"3":"3:20"}, ["LETTHIILV","|","|","|"], ["0845"], ["0745"], {"3":"1855"}, [], [], ["Tue 11"], [], {"3":"10:10"}, [], {"3":"9:50"}, {"3":"0:50"}, ["KRP","CPH","KRP","CPH"], ["0945","1445","1620","1745"], ["0845","1345","1520","1645"], [], [], [], ["DO4","DO4","DO4","DO4"], {"3":"12:00"}, {"1":"|","2":"|","3":"|"}, [], [], {"1":"|","2":"|","3":"|"}, ["DX 0077","DX 0080","DX 0083","DX 0082"], [], [], {"3":"0655+1"}, [], ["CPH","KRP","CPH","KRP"], ["1035","1535","1710","1835"], ["0935","1435","1610","1735"], []), (["OFF"], [], [], ["ILV"], [], [], [], [], [], ["Wed 12"], [], [], [], [], [], ["KRP"], ["0000"], ["2300-1"], [], [], [], [], [], [], [], [], ["-"], ["OFF"], [], [], [], [], ["KRP"], ["2400"], ["2300"], []), (["OFF"], [], [], ["|"], [], [], [], [], [], ["Thu 13"], [], [], [], [], [], ["KRP"], ["0000"], ["2300-1"], [], [], [], [], [], ["|"], [], [], ["|"], ["OFF"], [], [], [], [], ["KRP"], ["2400"], ["2300"], []), (["OFF"], [], [], ["|"], [], [], [], [], [], ["Fri 14"], [], [], [], [], [], ["KRP"], ["0000"], ["2300-1"], [], [], [], [], [], ["|"], [], [], ["|"], ["OFF"], [], [], [], [], ["KRP"], ["2400"], ["2300"], []), (["SBY"], [], ["0:00"], ["|"], ["0600"], ["0500"], ["1800"], [], [], ["Sat 15"], [], ["3:00"], [], [], [], ["KRP"], ["0600"], ["0500"], [], [], [], [], ["4:00"], ["|"], [], [], ["|"], ["SBY"], [], [], ["0600+1"], [], ["KRP"], ["1800"], ["1700"], []), (["SBY"], [], ["0:00"], ["|"], ["0600"], ["0500"], ["1800"], [], [], ["Sun 16"], [], ["3:00"], [], [], [], ["KRP"], ["0600"], ["0500"], [], [], [], [], ["4:00"], ["|"], [], [], ["|"], ["SBY"], [], [], ["0600+1"], [], ["KRP"], ["1800"], ["1700"], []), (["DX77","DX80","DX83","DX82"], ["OYJRY","OYJRY","OYJRY","OYJRY"], {"3":"3:20"}, ["HANTHIILV","|","|","|"], ["0845"], ["0745"], {"3":"1855"}, [], [], ["Mon 17"], [], {"3":"10:10"}, [], {"3":"9:50"}, {"3":"0:50"}, ["KRP","CPH","KRP","CPH"], ["0945","1445","1620","1745"], ["0845","1345","1520","1645"], {"1":"LAF","2":"TIO"}, [], [], ["DO4","DO4","DO4","DO4"], {"3":"12:00"}, {"1":"|","2":"|","3":"|"}, [], [], ["CP (PIC)FOCA","|","|","|"], ["DX 0077","DX 0080","DX 0083","DX 0082"], [], [], {"3":"0655+1"}, [], ["CPH","KRP","CPH","KRP"], ["1035","1535","1710","1835"], ["0935","1435","1610","1735"], []), (["OFF"], [], [], ["ILV"], [], [], [], [], [], ["Tue 18"], [], [], [], [], [], ["KRP"], ["0000"], ["2300-1"], [], [], [], [], [], [], [], [], ["-"], ["OFF"], [], [], [], [], ["KRP"], ["2400"], ["2300"], []), (["OFF"], [], [], ["|"], [], [], [], [], [], ["Wed 19"], [], [], [], [], [], ["KRP"], ["0000"], ["2300-1"], [], [], [], [], [], ["|"], [], [], ["|"], ["OFF"], [], [], [], [], ["KRP"], ["2400"], ["2300"], []), (["DX73","DX74","DX77","DX80"], ["OYJRY","OYJRY","OYJRY","OYJRY"], {"3":"3:25"}, ["HANBROILV","|","|","|"], ["0600"], ["0500"], {"3":"1530"}, [], [], ["Thu 20"], [], {"3":"9:30"}, [], {"3":"9:10"}, {"3":"0:55"}, ["KRP","CPH","KRP","CPH"], ["0700","0820","0945","1415"], ["0600","0720","0845","1315"], {"3":"TIO"}, [], [], ["DO4","DO4","DO4","DO4"], {"3":"12:00"}, {"1":"|","2":"|","3":"|"}, [], [], ["CP (PIC)FOCA","|","|","|"], ["DX 0073","DX 0074","DX 0077","DX 0080"], [], [], {"3":"0330+1"}, [], ["CPH","KRP","CPH","KRP"], ["0750","0910","1035","1510"], ["0650","0810","0935","1410"], []), (["DX73","DX74","DX77","DX80"], ["OYJRY","OYJRY","OYJRY","OYJRY"], {"3":"3:25"}, ["TIOTHIILV","|","|","|"], ["0600"], ["0500"], {"3":"1600"}, [], [], ["Fri 21"], [], {"3":"10:00"}, [], {"3":"9:40"}, {"3":"0:55"}, ["KRP","CPH","KRP","CPH"], ["0700","0820","0945","1445"], ["0600","0720","0845","1345"], {"2":"NAH","3":"LET"}, [], [], ["DO4","DO4","DO4","DO4"], {"3":"12:00"}, {"1":"|","2":"|","3":"|"}, [], [], ["CP (PIC)FOCA","|","|","|"], ["DX 0073","DX 0074","DX 0077","DX 0080"], [], [], {"3":"0400+1"}, [], ["CPH","KRP","CPH","KRP"], ["0750","0910","1035","1540"], ["0650","0810","0935","1440"], []), (["CAR","DX21","DX22","CAR"], {"1":"OYJRJ","2":"OYJRJ"}, {"3":"2:20"}, {"1":"HANTHIILV","2":"|"}, ["0655","0820"], ["0555","0720"], {"3":"1410"}, [], [], ["Sat 22"], {"0":"DH","3":"DH"}, {"3":"7:15"}, [], {"3":"5:15"}, [], ["KRP","EBJ","SVG","EBJ"], ["0655","0920","1100","1230"], ["0555","0820","1000","1130"], [], [], [], {"1":"DO4","2":"DO4"}, {"3":"13:00"}, {"2":"|"}, [], [], {"1":"CP (PIC)FOCA","2":"|"}, ["Comapany Car","DX 0021","DX 0022","Company Car"], [], [], {"3":"0210+1"}, [], ["EBJ","SVG","EBJ","KRP"], ["0820","1030","1210","1410"], ["0720","0930","1110","1310"], []), (["DX79","DX82","DX85","DX86"], ["OYJRY","OYJRY","OYJRY","OYJRY"], {"3":"3:20"}, ["HANBROILV","|","|","|"], ["1045"], ["0945"], {"3":"2050"}, [], [], ["Sun 23"], [], {"3":"10:05"}, [], {"3":"9:45"}, {"3":"0:50"}, ["KRP","CPH","KRP","CPH"], ["1145","1700","1820","1940"], ["1045","1600","1720","1840"], {"1":"NAH"}, [], [], ["DO4","DO4","DO4","DO4"], {"3":"12:00"}, {"1":"|","2":"|","3":"|"}, [], [], ["CP (PIC)FOCA","|","|","|"], ["DX 0079","DX 0082","DX 0085","DX 0086"], [], [], {"3":"0850+1"}, [], ["CPH","KRP","CPH","KRP"], ["1235","1750","1910","2030"], ["1135","1650","1810","1930"], [])) [] []
[2024-04-05T16:59:29.595650+00:00] name.INFO: file upload started [] []
[2024-04-05T16:59:29.596298+00:00] name.INFO: file upload completed [] []
[2024-04-05T17:05:37.324888+00:00] name.INFO: file upload started [] []
[2024-04-05T17:05:37.325500+00:00] name.INFO: file upload completed [] []
[2024-04-05T17:05:37.351631+00:00] name.ERROR: Invalid xpath SQLSTATE[HY000]: General error: 1 table activities has no column named activity (Connection: sqlite, SQL: insert into "activities" ("activity", "activity_acreg", "activity_blh", "activity_cc", "activity_check_in_l", "activity_check_in_z", "activity_check_out_l", "activity_check_out_z", "activity_crew_meal", "activity_date", "activity_dc", "activity_dur", "activity_ext", "activity_fdp_time", "activity_flight_time", "activity_from", "activity_from_std_l", "activity_from_std_z", "activity_hd_crew", "activity_hd_name", "activity_hd_seat", "activity_hotel", "activity_max_fdp", "activity_name", "activity_night_time", "activity_pax_booked", "activity_pos", "activity_remark", "activity_remarks", "activity_resources", "activity_rest_compl", "activity_rev", "activity_to", "activity_to_std_l", "activity_to_std_z", "activity_work_phone") values (["DX77","DX80","DX83","DX82"], ["OYJRY","OYJRY","OYJRY","OYJRY"], {"3":"3:20"}, ["JBNTHIILV","|","|","|"], ["0845"], ["0745"], {"3":"1855"}, [], [], ["Mon 10"], [], {"3":"10:10"}, [], {"3":"9:50"}, {"3":"0:50"}, ["KRP","CPH","KRP","CPH"], ["0945","1445","1620","1745"], ["0845","1345","1520","1645"], {"3":"VIO"}, [], [], ["DO4","DO4","DO4","DO4"], {"3":"12:00"}, {"1":"|","2":"|","3":"|"}, [], [], ["CP (PIC)FOCA","|","|","|"], ["DX 0077","DX 0080","DX 0083","DX 0082"], [], [], {"3":"0655+1"}, [], ["CPH","KRP","CPH","KRP"], ["1035","1535","1710","1835"], ["0935","1435","1610","1735"], []), (["DX77","DX80","DX83","DX82"], ["OYJRY","OYJRY","OYJRY","OYJRY"], {"3":"3:20"}, ["LETTHIILV","|","|","|"], ["0845"], ["0745"], {"3":"1855"}, [], [], ["Tue 11"], [], {"3":"10:10"}, [], {"3":"9:50"}, {"3":"0:50"}, ["KRP","CPH","KRP","CPH"], ["0945","1445","1620","1745"], ["0845","1345","1520","1645"], [], [], [], ["DO4","DO4","DO4","DO4"], {"3":"12:00"}, {"1":"|","2":"|","3":"|"}, [], [], {"1":"|","2":"|","3":"|"}, ["DX 0077","DX 0080","DX 0083","DX 0082"], [], [], {"3":"0655+1"}, [], ["CPH","KRP","CPH","KRP"], ["1035","1535","1710","1835"], ["0935","1435","1610","1735"], []), (["OFF"], [], [], ["ILV"], [], [], [], [], [], ["Wed 12"], [], [], [], [], [], ["KRP"], ["0000"], ["2300-1"], [], [], [], [], [], [], [], [], ["-"], ["OFF"], [], [], [], [], ["KRP"], ["2400"], ["2300"], []), (["OFF"], [], [], ["|"], [], [], [], [], [], ["Thu 13"], [], [], [], [], [], ["KRP"], ["0000"], ["2300-1"], [], [], [], [], [], ["|"], [], [], ["|"], ["OFF"], [], [], [], [], ["KRP"], ["2400"], ["2300"], []), (["OFF"], [], [], ["|"], [], [], [], [], [], ["Fri 14"], [], [], [], [], [], ["KRP"], ["0000"], ["2300-1"], [], [], [], [], [], ["|"], [], [], ["|"], ["OFF"], [], [], [], [], ["KRP"], ["2400"], ["2300"], []), (["SBY"], [], ["0:00"], ["|"], ["0600"], ["0500"], ["1800"], [], [], ["Sat 15"], [], ["3:00"], [], [], [], ["KRP"], ["0600"], ["0500"], [], [], [], [], ["4:00"], ["|"], [], [], ["|"], ["SBY"], [], [], ["0600+1"], [], ["KRP"], ["1800"], ["1700"], []), (["SBY"], [], ["0:00"], ["|"], ["0600"], ["0500"], ["1800"], [], [], ["Sun 16"], [], ["3:00"], [], [], [], ["KRP"], ["0600"], ["0500"], [], [], [], [], ["4:00"], ["|"], [], [], ["|"], ["SBY"], [], [], ["0600+1"], [], ["KRP"], ["1800"], ["1700"], []), (["DX77","DX80","DX83","DX82"], ["OYJRY","OYJRY","OYJRY","OYJRY"], {"3":"3:20"}, ["HANTHIILV","|","|","|"], ["0845"], ["0745"], {"3":"1855"}, [], [], ["Mon 17"], [], {"3":"10:10"}, [], {"3":"9:50"}, {"3":"0:50"}, ["KRP","CPH","KRP","CPH"], ["0945","1445","1620","1745"], ["0845","1345","1520","1645"], {"1":"LAF","2":"TIO"}, [], [], ["DO4","DO4","DO4","DO4"], {"3":"12:00"}, {"1":"|","2":"|","3":"|"}, [], [], ["CP (PIC)FOCA","|","|","|"], ["DX 0077","DX 0080","DX 0083","DX 0082"], [], [], {"3":"0655+1"}, [], ["CPH","KRP","CPH","KRP"], ["1035","1535","1710","1835"], ["0935","1435","1610","1735"], []), (["OFF"], [], [], ["ILV"], [], [], [], [], [], ["Tue 18"], [], [], [], [], [], ["KRP"], ["0000"], ["2300-1"], [], [], [], [], [], [], [], [], ["-"], ["OFF"], [], [], [], [], ["KRP"], ["2400"], ["2300"], []), (["OFF"], [], [], ["|"], [], [], [], [], [], ["Wed 19"], [], [], [], [], [], ["KRP"], ["0000"], ["2300-1"], [], [], [], [], [], ["|"], [], [], ["|"], ["OFF"], [], [], [], [], ["KRP"], ["2400"], ["2300"], []), (["DX73","DX74","DX77","DX80"], ["OYJRY","OYJRY","OYJRY","OYJRY"], {"3":"3:25"}, ["HANBROILV","|","|","|"], ["0600"], ["0500"], {"3":"1530"}, [], [], ["Thu 20"], [], {"3":"9:30"}, [], {"3":"9:10"}, {"3":"0:55"}, ["KRP","CPH","KRP","CPH"], ["0700","0820","0945","1415"], ["0600","0720","0845","1315"], {"3":"TIO"}, [], [], ["DO4","DO4","DO4","DO4"], {"3":"12:00"}, {"1":"|","2":"|","3":"|"}, [], [], ["CP (PIC)FOCA","|","|","|"], ["DX 0073","DX 0074","DX 0077","DX 0080"], [], [], {"3":"0330+1"}, [], ["CPH","KRP","CPH","KRP"], ["0750","0910","1035","1510"], ["0650","0810","0935","1410"], []), (["DX73","DX74","DX77","DX80"], ["OYJRY","OYJRY","OYJRY","OYJRY"], {"3":"3:25"}, ["TIOTHIILV","|","|","|"], ["0600"], ["0500"], {"3":"1600"}, [], [], ["Fri 21"], [], {"3":"10:00"}, [], {"3":"9:40"}, {"3":"0:55"}, ["KRP","CPH","KRP","CPH"], ["0700","0820","0945","1445"], ["0600","0720","0845","1345"], {"2":"NAH","3":"LET"}, [], [], ["DO4","DO4","DO4","DO4"], {"3":"12:00"}, {"1":"|","2":"|","3":"|"}, [], [], ["CP (PIC)FOCA","|","|","|"], ["DX 0073","DX 0074","DX 0077","DX 0080"], [], [], {"3":"0400+1"}, [], ["CPH","KRP","CPH","KRP"], ["0750","0910","1035","1540"], ["0650","0810","0935","1440"], []), (["CAR","DX21","DX22","CAR"], {"1":"OYJRJ","2":"OYJRJ"}, {"3":"2:20"}, {"1":"HANTHIILV","2":"|"}, ["0655","0820"], ["0555","0720"], {"3":"1410"}, [], [], ["Sat 22"], {"0":"DH","3":"DH"}, {"3":"7:15"}, [], {"3":"5:15"}, [], ["KRP","EBJ","SVG","EBJ"], ["0655","0920","1100","1230"], ["0555","0820","1000","1130"], [], [], [], {"1":"DO4","2":"DO4"}, {"3":"13:00"}, {"2":"|"}, [], [], {"1":"CP (PIC)FOCA","2":"|"}, ["Comapany Car","DX 0021","DX 0022","Company Car"], [], [], {"3":"0210+1"}, [], ["EBJ","SVG","EBJ","KRP"], ["0820","1030","1210","1410"], ["0720","0930","1110","1310"], []), (["DX79","DX82","DX85","DX86"], ["OYJRY","OYJRY","OYJRY","OYJRY"], {"3":"3:20"}, ["HANBROILV","|","|","|"], ["1045"], ["0945"], {"3":"2050"}, [], [], ["Sun 23"], [], {"3":"10:05"}, [], {"3":"9:45"}, {"3":"0:50"}, ["KRP","CPH","KRP","CPH"], ["1145","1700","1820","1940"], ["1045","1600","1720","1840"], {"1":"NAH"}, [], [], ["DO4","DO4","DO4","DO4"], {"3":"12:00"}, {"1":"|","2":"|","3":"|"}, [], [], ["CP (PIC)FOCA","|","|","|"], ["DX 0079","DX 0082","DX 0085","DX 0086"], [], [], {"3":"0850+1"}, [], ["CPH","KRP","CPH","KRP"], ["1235","1750","1910","2030"], ["1135","1650","1810","1930"], [])) [] []
[2024-04-05T17:07:43.835047+00:00] name.INFO: file upload started [] []
[2024-04-05T17:07:43.835676+00:00] name.INFO: file upload completed [] []
[2024-04-05T17:07:43.860560+00:00] name.ERROR: Invalid xpath SQLSTATE[HY000]: General error: 1 table activities has no column named activity (Connection: sqlite, SQL: insert into "activities" ("activity", "activity_acreg", "activity_blh", "activity_cc", "activity_check_in_l", "activity_check_in_z", "activity_check_out_l", "activity_check_out_z", "activity_crew_meal", "activity_date", "activity_dc", "activity_dur", "activity_ext", "activity_fdp_time", "activity_flight_time", "activity_from", "activity_from_std_l", "activity_from_std_z", "activity_hd_crew", "activity_hd_name", "activity_hd_seat", "activity_hotel", "activity_max_fdp", "activity_name", "activity_night_time", "activity_pax_booked", "activity_pos", "activity_remark", "activity_remarks", "activity_resources", "activity_rest_compl", "activity_rev", "activity_to", "activity_to_std_l", "activity_to_std_z", "activity_work_phone") values (["DX77","DX80","DX83","DX82"], ["OYJRY","OYJRY","OYJRY","OYJRY"], {"3":"3:20"}, ["JBNTHIILV","|","|","|"], ["0845"], ["0745"], {"3":"1855"}, [], [], ["Mon 10"], [], {"3":"10:10"}, [], {"3":"9:50"}, {"3":"0:50"}, ["KRP","CPH","KRP","CPH"], ["0945","1445","1620","1745"], ["0845","1345","1520","1645"], {"3":"VIO"}, [], [], ["DO4","DO4","DO4","DO4"], {"3":"12:00"}, {"1":"|","2":"|","3":"|"}, [], [], ["CP (PIC)FOCA","|","|","|"], ["DX 0077","DX 0080","DX 0083","DX 0082"], [], [], {"3":"0655+1"}, [], ["CPH","KRP","CPH","KRP"], ["1035","1535","1710","1835"], ["0935","1435","1610","1735"], []), (["DX77","DX80","DX83","DX82"], ["OYJRY","OYJRY","OYJRY","OYJRY"], {"3":"3:20"}, ["LETTHIILV","|","|","|"], ["0845"], ["0745"], {"3":"1855"}, [], [], ["Tue 11"], [], {"3":"10:10"}, [], {"3":"9:50"}, {"3":"0:50"}, ["KRP","CPH","KRP","CPH"], ["0945","1445","1620","1745"], ["0845","1345","1520","1645"], [], [], [], ["DO4","DO4","DO4","DO4"], {"3":"12:00"}, {"1":"|","2":"|","3":"|"}, [], [], {"1":"|","2":"|","3":"|"}, ["DX 0077","DX 0080","DX 0083","DX 0082"], [], [], {"3":"0655+1"}, [], ["CPH","KRP","CPH","KRP"], ["1035","1535","1710","1835"], ["0935","1435","1610","1735"], []), (["OFF"], [], [], ["ILV"], [], [], [], [], [], ["Wed 12"], [], [], [], [], [], ["KRP"], ["0000"], ["2300-1"], [], [], [], [], [], [], [], [], ["-"], ["OFF"], [], [], [], [], ["KRP"], ["2400"], ["2300"], []), (["OFF"], [], [], ["|"], [], [], [], [], [], ["Thu 13"], [], [], [], [], [], ["KRP"], ["0000"], ["2300-1"], [], [], [], [], [], ["|"], [], [], ["|"], ["OFF"], [], [], [], [], ["KRP"], ["2400"], ["2300"], []), (["OFF"], [], [], ["|"], [], [], [], [], [], ["Fri 14"], [], [], [], [], [], ["KRP"], ["0000"], ["2300-1"], [], [], [], [], [], ["|"], [], [], ["|"], ["OFF"], [], [], [], [], ["KRP"], ["2400"], ["2300"], []), (["SBY"], [], ["0:00"], ["|"], ["0600"], ["0500"], ["1800"], [], [], ["Sat 15"], [], ["3:00"], [], [], [], ["KRP"], ["0600"], ["0500"], [], [], [], [], ["4:00"], ["|"], [], [], ["|"], ["SBY"], [], [], ["0600+1"], [], ["KRP"], ["1800"], ["1700"], []), (["SBY"], [], ["0:00"], ["|"], ["0600"], ["0500"], ["1800"], [], [], ["Sun 16"], [], ["3:00"], [], [], [], ["KRP"], ["0600"], ["0500"], [], [], [], [], ["4:00"], ["|"], [], [], ["|"], ["SBY"], [], [], ["0600+1"], [], ["KRP"], ["1800"], ["1700"], []), (["DX77","DX80","DX83","DX82"], ["OYJRY","OYJRY","OYJRY","OYJRY"], {"3":"3:20"}, ["HANTHIILV","|","|","|"], ["0845"], ["0745"], {"3":"1855"}, [], [], ["Mon 17"], [], {"3":"10:10"}, [], {"3":"9:50"}, {"3":"0:50"}, ["KRP","CPH","KRP","CPH"], ["0945","1445","1620","1745"], ["0845","1345","1520","1645"], {"1":"LAF","2":"TIO"}, [], [], ["DO4","DO4","DO4","DO4"], {"3":"12:00"}, {"1":"|","2":"|","3":"|"}, [], [], ["CP (PIC)FOCA","|","|","|"], ["DX 0077","DX 0080","DX 0083","DX 0082"], [], [], {"3":"0655+1"}, [], ["CPH","KRP","CPH","KRP"], ["1035","1535","1710","1835"], ["0935","1435","1610","1735"], []), (["OFF"], [], [], ["ILV"], [], [], [], [], [], ["Tue 18"], [], [], [], [], [], ["KRP"], ["0000"], ["2300-1"], [], [], [], [], [], [], [], [], ["-"], ["OFF"], [], [], [], [], ["KRP"], ["2400"], ["2300"], []), (["OFF"], [], [], ["|"], [], [], [], [], [], ["Wed 19"], [], [], [], [], [], ["KRP"], ["0000"], ["2300-1"], [], [], [], [], [], ["|"], [], [], ["|"], ["OFF"], [], [], [], [], ["KRP"], ["2400"], ["2300"], []), (["DX73","DX74","DX77","DX80"], ["OYJRY","OYJRY","OYJRY","OYJRY"], {"3":"3:25"}, ["HANBROILV","|","|","|"], ["0600"], ["0500"], {"3":"1530"}, [], [], ["Thu 20"], [], {"3":"9:30"}, [], {"3":"9:10"}, {"3":"0:55"}, ["KRP","CPH","KRP","CPH"], ["0700","0820","0945","1415"], ["0600","0720","0845","1315"], {"3":"TIO"}, [], [], ["DO4","DO4","DO4","DO4"], {"3":"12:00"}, {"1":"|","2":"|","3":"|"}, [], [], ["CP (PIC)FOCA","|","|","|"], ["DX 0073","DX 0074","DX 0077","DX 0080"], [], [], {"3":"0330+1"}, [], ["CPH","KRP","CPH","KRP"], ["0750","0910","1035","1510"], ["0650","0810","0935","1410"], []), (["DX73","DX74","DX77","DX80"], ["OYJRY","OYJRY","OYJRY","OYJRY"], {"3":"3:25"}, ["TIOTHIILV","|","|","|"], ["0600"], ["0500"], {"3":"1600"}, [], [], ["Fri 21"], [], {"3":"10:00"}, [], {"3":"9:40"}, {"3":"0:55"}, ["KRP","CPH","KRP","CPH"], ["0700","0820","0945","1445"], ["0600","0720","0845","1345"], {"2":"NAH","3":"LET"}, [], [], ["DO4","DO4","DO4","DO4"], {"3":"12:00"}, {"1":"|","2":"|","3":"|"}, [], [], ["CP (PIC)FOCA","|","|","|"], ["DX 0073","DX 0074","DX 0077","DX 0080"], [], [], {"3":"0400+1"}, [], ["CPH","KRP","CPH","KRP"], ["0750","0910","1035","1540"], ["0650","0810","0935","1440"], []), (["CAR","DX21","DX22","CAR"], {"1":"OYJRJ","2":"OYJRJ"}, {"3":"2:20"}, {"1":"HANTHIILV","2":"|"}, ["0655","0820"], ["0555","0720"], {"3":"1410"}, [], [], ["Sat 22"], {"0":"DH","3":"DH"}, {"3":"7:15"}, [], {"3":"5:15"}, [], ["KRP","EBJ","SVG","EBJ"], ["0655","0920","1100","1230"], ["0555","0820","1000","1130"], [], [], [], {"1":"DO4","2":"DO4"}, {"3":"13:00"}, {"2":"|"}, [], [], {"1":"CP (PIC)FOCA","2":"|"}, ["Comapany Car","DX 0021","DX 0022","Company Car"], [], [], {"3":"0210+1"}, [], ["EBJ","SVG","EBJ","KRP"], ["0820","1030","1210","1410"], ["0720","0930","1110","1310"], []), (["DX79","DX82","DX85","DX86"], ["OYJRY","OYJRY","OYJRY","OYJRY"], {"3":"3:20"}, ["HANBROILV","|","|","|"], ["1045"], ["0945"], {"3":"2050"}, [], [], ["Sun 23"], [], {"3":"10:05"}, [], {"3":"9:45"}, {"3":"0:50"}, ["KRP","CPH","KRP","CPH"], ["1145","1700","1820","1940"], ["1045","1600","1720","1840"], {"1":"NAH"}, [], [], ["DO4","DO4","DO4","DO4"], {"3":"12:00"}, {"1":"|","2":"|","3":"|"}, [], [], ["CP (PIC)FOCA","|","|","|"], ["DX 0079","DX 0082","DX 0085","DX 0086"], [], [], {"3":"0850+1"}, [], ["CPH","KRP","CPH","KRP"], ["1235","1750","1910","2030"], ["1135","1650","1810","1930"], [])) [] []
[2024-04-05T17:07:45.949973+00:00] name.INFO: file upload started [] []
[2024-04-05T17:07:45.950514+00:00] name.INFO: file upload completed [] []
[2024-04-05T17:07:45.974954+00:00] name.ERROR: Invalid xpath SQLSTATE[HY000]: General error: 1 table activities has no column named activity (Connection: sqlite, SQL: insert into "activities" ("activity", "activity_acreg", "activity_blh", "activity_cc", "activity_check_in_l", "activity_check_in_z", "activity_check_out_l", "activity_check_out_z", "activity_crew_meal", "activity_date", "activity_dc", "activity_dur", "activity_ext", "activity_fdp_time", "activity_flight_time", "activity_from", "activity_from_std_l", "activity_from_std_z", "activity_hd_crew", "activity_hd_name", "activity_hd_seat", "activity_hotel", "activity_max_fdp", "activity_name", "activity_night_time", "activity_pax_booked", "activity_pos", "activity_remark", "activity_remarks", "activity_resources", "activity_rest_compl", "activity_rev", "activity_to", "activity_to_std_l", "activity_to_std_z", "activity_work_phone") values (["DX77","DX80","DX83","DX82"], ["OYJRY","OYJRY","OYJRY","OYJRY"], {"3":"3:20"}, ["JBNTHIILV","|","|","|"], ["0845"], ["0745"], {"3":"1855"}, [], [], ["Mon 10"], [], {"3":"10:10"}, [], {"3":"9:50"}, {"3":"0:50"}, ["KRP","CPH","KRP","CPH"], ["0945","1445","1620","1745"], ["0845","1345","1520","1645"], {"3":"VIO"}, [], [], ["DO4","DO4","DO4","DO4"], {"3":"12:00"}, {"1":"|","2":"|","3":"|"}, [], [], ["CP (PIC)FOCA","|","|","|"], ["DX 0077","DX 0080","DX 0083","DX 0082"], [], [], {"3":"0655+1"}, [], ["CPH","KRP","CPH","KRP"], ["1035","1535","1710","1835"], ["0935","1435","1610","1735"], []), (["DX77","DX80","DX83","DX82"], ["OYJRY","OYJRY","OYJRY","OYJRY"], {"3":"3:20"}, ["LETTHIILV","|","|","|"], ["0845"], ["0745"], {"3":"1855"}, [], [], ["Tue 11"], [], {"3":"10:10"}, [], {"3":"9:50"}, {"3":"0:50"}, ["KRP","CPH","KRP","CPH"], ["0945","1445","1620","1745"], ["0845","1345","1520","1645"], [], [], [], ["DO4","DO4","DO4","DO4"], {"3":"12:00"}, {"1":"|","2":"|","3":"|"}, [], [], {"1":"|","2":"|","3":"|"}, ["DX 0077","DX 0080","DX 0083","DX 0082"], [], [], {"3":"0655+1"}, [], ["CPH","KRP","CPH","KRP"], ["1035","1535","1710","1835"], ["0935","1435","1610","1735"], []), (["OFF"], [], [], ["ILV"], [], [], [], [], [], ["Wed 12"], [], [], [], [], [], ["KRP"], ["0000"], ["2300-1"], [], [], [], [], [], [], [], [], ["-"], ["OFF"], [], [], [], [], ["KRP"], ["2400"], ["2300"], []), (["OFF"], [], [], ["|"], [], [], [], [], [], ["Thu 13"], [], [], [], [], [], ["KRP"], ["0000"], ["2300-1"], [], [], [], [], [], ["|"], [], [], ["|"], ["OFF"], [], [], [], [], ["KRP"], ["2400"], ["2300"], []), (["OFF"], [], [], ["|"], [], [], [], [], [], ["Fri 14"], [], [], [], [], [], ["KRP"], ["0000"], ["2300-1"], [], [], [], [], [], ["|"], [], [], ["|"], ["OFF"], [], [], [], [], ["KRP"], ["2400"], ["2300"], []), (["SBY"], [], ["0:00"], ["|"], ["0600"], ["0500"], ["1800"], [], [], ["Sat 15"], [], ["3:00"], [], [], [], ["KRP"], ["0600"], ["0500"], [], [], [], [], ["4:00"], ["|"], [], [], ["|"], ["SBY"], [], [], ["0600+1"], [], ["KRP"], ["1800"], ["1700"], []), (["SBY"], [], ["0:00"], ["|"], ["0600"], ["0500"], ["1800"], [], [], ["Sun 16"], [], ["3:00"], [], [], [], ["KRP"], ["0600"], ["0500"], [], [], [], [], ["4:00"], ["|"], [], [], ["|"], ["SBY"], [], [], ["0600+1"], [], ["KRP"], ["1800"], ["1700"], []), (["DX77","DX80","DX83","DX82"], ["OYJRY","OYJRY","OYJRY","OYJRY"], {"3":"3:20"}, ["HANTHIILV","|","|","|"], ["0845"], ["0745"], {"3":"1855"}, [], [], ["Mon 17"], [], {"3":"10:10"}, [], {"3":"9:50"}, {"3":"0:50"}, ["KRP","CPH","KRP","CPH"], ["0945","1445","1620","1745"], ["0845","1345","1520","1645"], {"1":"LAF","2":"TIO"}, [], [], ["DO4","DO4","DO4","DO4"], {"3":"12:00"}, {"1":"|","2":"|","3":"|"}, [], [], ["CP (PIC)FOCA","|","|","|"], ["DX 0077","DX 0080","DX 0083","DX 0082"], [], [], {"3":"0655+1"}, [], ["CPH","KRP","CPH","KRP"], ["1035","1535","1710","1835"], ["0935","1435","1610","1735"], []), (["OFF"], [], [], ["ILV"], [], [], [], [], [], ["Tue 18"], [], [], [], [], [], ["KRP"], ["0000"], ["2300-1"], [], [], [], [], [], [], [], [], ["-"], ["OFF"], [], [], [], [], ["KRP"], ["2400"], ["2300"], []), (["OFF"], [], [], ["|"], [], [], [], [], [], ["Wed 19"], [], [], [], [], [], ["KRP"], ["0000"], ["2300-1"], [], [], [], [], [], ["|"], [], [], ["|"], ["OFF"], [], [], [], [], ["KRP"], ["2400"], ["2300"], []), (["DX73","DX74","DX77","DX80"], ["OYJRY","OYJRY","OYJRY","OYJRY"], {"3":"3:25"}, ["HANBROILV","|","|","|"], ["0600"], ["0500"], {"3":"1530"}, [], [], ["Thu 20"], [], {"3":"9:30"}, [], {"3":"9:10"}, {"3":"0:55"}, ["KRP","CPH","KRP","CPH"], ["0700","0820","0945","1415"], ["0600","0720","0845","1315"], {"3":"TIO"}, [], [], ["DO4","DO4","DO4","DO4"], {"3":"12:00"}, {"1":"|","2":"|","3":"|"}, [], [], ["CP (PIC)FOCA","|","|","|"], ["DX 0073","DX 0074","DX 0077","DX 0080"], [], [], {"3":"0330+1"}, [], ["CPH","KRP","CPH","KRP"], ["0750","0910","1035","1510"], ["0650","0810","0935","1410"], []), (["DX73","DX74","DX77","DX80"], ["OYJRY","OYJRY","OYJRY","OYJRY"], {"3":"3:25"}, ["TIOTHIILV","|","|","|"], ["0600"], ["0500"], {"3":"1600"}, [], [], ["Fri 21"], [], {"3":"10:00"}, [], {"3":"9:40"}, {"3":"0:55"}, ["KRP","CPH","KRP","CPH"], ["0700","0820","0945","1445"], ["0600","0720","0845","1345"], {"2":"NAH","3":"LET"}, [], [], ["DO4","DO4","DO4","DO4"], {"3":"12:00"}, {"1":"|","2":"|","3":"|"}, [], [], ["CP (PIC)FOCA","|","|","|"], ["DX 0073","DX 0074","DX 0077","DX 0080"], [], [], {"3":"0400+1"}, [], ["CPH","KRP","CPH","KRP"], ["0750","0910","1035","1540"], ["0650","0810","0935","1440"], []), (["CAR","DX21","DX22","CAR"], {"1":"OYJRJ","2":"OYJRJ"}, {"3":"2:20"}, {"1":"HANTHIILV","2":"|"}, ["0655","0820"], ["0555","0720"], {"3":"1410"}, [], [], ["Sat 22"], {"0":"DH","3":"DH"}, {"3":"7:15"}, [], {"3":"5:15"}, [], ["KRP","EBJ","SVG","EBJ"], ["0655","0920","1100","1230"], ["0555","0820","1000","1130"], [], [], [], {"1":"DO4","2":"DO4"}, {"3":"13:00"}, {"2":"|"}, [], [], {"1":"CP (PIC)FOCA","2":"|"}, ["Comapany Car","DX 0021","DX 0022","Company Car"], [], [], {"3":"0210+1"}, [], ["EBJ","SVG","EBJ","KRP"], ["0820","1030","1210","1410"], ["0720","0930","1110","1310"], []), (["DX79","DX82","DX85","DX86"], ["OYJRY","OYJRY","OYJRY","OYJRY"], {"3":"3:20"}, ["HANBROILV","|","|","|"], ["1045"], ["0945"], {"3":"2050"}, [], [], ["Sun 23"], [], {"3":"10:05"}, [], {"3":"9:45"}, {"3":"0:50"}, ["KRP","CPH","KRP","CPH"], ["1145","1700","1820","1940"], ["1045","1600","1720","1840"], {"1":"NAH"}, [], [], ["DO4","DO4","DO4","DO4"], {"3":"12:00"}, {"1":"|","2":"|","3":"|"}, [], [], ["CP (PIC)FOCA","|","|","|"], ["DX 0079","DX 0082","DX 0085","DX 0086"], [], [], {"3":"0850+1"}, [], ["CPH","KRP","CPH","KRP"], ["1235","1750","1910","2030"], ["1135","1650","1810","1930"], [])) [] []
[2024-04-05T17:07:47.414366+00:00] name.INFO: file upload started [] []
[2024-04-05T17:07:47.414886+00:00] name.INFO: file upload completed [] []
[2024-04-05T17:07:47.439618+00:00] name.ERROR: Invalid xpath SQLSTATE[HY000]: General error: 1 table activities has no column named activity (Connection: sqlite, SQL: insert into "activities" ("activity", "activity_acreg", "activity_blh", "activity_cc", "activity_check_in_l", "activity_check_in_z", "activity_check_out_l", "activity_check_out_z", "activity_crew_meal", "activity_date", "activity_dc", "activity_dur", "activity_ext", "activity_fdp_time", "activity_flight_time", "activity_from", "activity_from_std_l", "activity_from_std_z", "activity_hd_crew", "activity_hd_name", "activity_hd_seat", "activity_hotel", "activity_max_fdp", "activity_name", "activity_night_time", "activity_pax_booked", "activity_pos", "activity_remark", "activity_remarks", "activity_resources", "activity_rest_compl", "activity_rev", "activity_to", "activity_to_std_l", "activity_to_std_z", "activity_work_phone") values (["DX77","DX80","DX83","DX82"], ["OYJRY","OYJRY","OYJRY","OYJRY"], {"3":"3:20"}, ["JBNTHIILV","|","|","|"], ["0845"], ["0745"], {"3":"1855"}, [], [], ["Mon 10"], [], {"3":"10:10"}, [], {"3":"9:50"}, {"3":"0:50"}, ["KRP","CPH","KRP","CPH"], ["0945","1445","1620","1745"], ["0845","1345","1520","1645"], {"3":"VIO"}, [], [], ["DO4","DO4","DO4","DO4"], {"3":"12:00"}, {"1":"|","2":"|","3":"|"}, [], [], ["CP (PIC)FOCA","|","|","|"], ["DX 0077","DX 0080","DX 0083","DX 0082"], [], [], {"3":"0655+1"}, [], ["CPH","KRP","CPH","KRP"], ["1035","1535","1710","1835"], ["0935","1435","1610","1735"], []), (["DX77","DX80","DX83","DX82"], ["OYJRY","OYJRY","OYJRY","OYJRY"], {"3":"3:20"}, ["LETTHIILV","|","|","|"], ["0845"], ["0745"], {"3":"1855"}, [], [], ["Tue 11"], [], {"3":"10:10"}, [], {"3":"9:50"}, {"3":"0:50"}, ["KRP","CPH","KRP","CPH"], ["0945","1445","1620","1745"], ["0845","1345","1520","1645"], [], [], [], ["DO4","DO4","DO4","DO4"], {"3":"12:00"}, {"1":"|","2":"|","3":"|"}, [], [], {"1":"|","2":"|","3":"|"}, ["DX 0077","DX 0080","DX 0083","DX 0082"], [], [], {"3":"0655+1"}, [], ["CPH","KRP","CPH","KRP"], ["1035","1535","1710","1835"], ["0935","1435","1610","1735"], []), (["OFF"], [], [], ["ILV"], [], [], [], [], [], ["Wed 12"], [], [], [], [], [], ["KRP"], ["0000"], ["2300-1"], [], [], [], [], [], [], [], [], ["-"], ["OFF"], [], [], [], [], ["KRP"], ["2400"], ["2300"], []), (["OFF"], [], [], ["|"], [], [], [], [], [], ["Thu 13"], [], [], [], [], [], ["KRP"], ["0000"], ["2300-1"], [], [], [], [], [], ["|"], [], [], ["|"], ["OFF"], [], [], [], [], ["KRP"], ["2400"], ["2300"], []), (["OFF"], [], [], ["|"], [], [], [], [], [], ["Fri 14"], [], [], [], [], [], ["KRP"], ["0000"], ["2300-1"], [], [], [], [], [], ["|"], [], [], ["|"], ["OFF"], [], [], [], [], ["KRP"], ["2400"], ["2300"], []), (["SBY"], [], ["0:00"], ["|"], ["0600"], ["0500"], ["1800"], [], [], ["Sat 15"], [], ["3:00"], [], [], [], ["KRP"], ["0600"], ["0500"], [], [], [], [], ["4:00"], ["|"], [], [], ["|"], ["SBY"], [], [], ["0600+1"], [], ["KRP"], ["1800"], ["1700"], []), (["SBY"], [], ["0:00"], ["|"], ["0600"], ["0500"], ["1800"], [], [], ["Sun 16"], [], ["3:00"], [], [], [], ["KRP"], ["0600"], ["0500"], [], [], [], [], ["4:00"], ["|"], [], [], ["|"], ["SBY"], [], [], ["0600+1"], [], ["KRP"], ["1800"], ["1700"], []), (["DX77","DX80","DX83","DX82"], ["OYJRY","OYJRY","OYJRY","OYJRY"], {"3":"3:20"}, ["HANTHIILV","|","|","|"], ["0845"], ["0745"], {"3":"1855"}, [], [], ["Mon 17"], [], {"3":"10:10"}, [], {"3":"9:50"}, {"3":"0:50"}, ["KRP","CPH","KRP","CPH"], ["0945","1445","1620","1745"], ["0845","1345","1520","1645"], {"1":"LAF","2":"TIO"}, [], [], ["DO4","DO4","DO4","DO4"], {"3":"12:00"}, {"1":"|","2":"|","3":"|"}, [], [], ["CP (PIC)FOCA","|","|","|"], ["DX 0077","DX 0080","DX 0083","DX 0082"], [], [], {"3":"0655+1"}, [], ["CPH","KRP","CPH","KRP"], ["1035","1535","1710","1835"], ["0935","1435","1610","1735"], []), (["OFF"], [], [], ["ILV"], [], [], [], [], [], ["Tue 18"], [], [], [], [], [], ["KRP"], ["0000"], ["2300-1"], [], [], [], [], [], [], [], [], ["-"], ["OFF"], [], [], [], [], ["KRP"], ["2400"], ["2300"], []), (["OFF"], [], [], ["|"], [], [], [], [], [], ["Wed 19"], [], [], [], [], [], ["KRP"], ["0000"], ["2300-1"], [], [], [], [], [], ["|"], [], [], ["|"], ["OFF"], [], [], [], [], ["KRP"], ["2400"], ["2300"], []), (["DX73","DX74","DX77","DX80"], ["OYJRY","OYJRY","OYJRY","OYJRY"], {"3":"3:25"}, ["HANBROILV","|","|","|"], ["0600"], ["0500"], {"3":"1530"}, [], [], ["Thu 20"], [], {"3":"9:30"}, [], {"3":"9:10"}, {"3":"0:55"}, ["KRP","CPH","KRP","CPH"], ["0700","0820","0945","1415"], ["0600","0720","0845","1315"], {"3":"TIO"}, [], [], ["DO4","DO4","DO4","DO4"], {"3":"12:00"}, {"1":"|","2":"|","3":"|"}, [], [], ["CP (PIC)FOCA","|","|","|"], ["DX 0073","DX 0074","DX 0077","DX 0080"], [], [], {"3":"0330+1"}, [], ["CPH","KRP","CPH","KRP"], ["0750","0910","1035","1510"], ["0650","0810","0935","1410"], []), (["DX73","DX74","DX77","DX80"], ["OYJRY","OYJRY","OYJRY","OYJRY"], {"3":"3:25"}, ["TIOTHIILV","|","|","|"], ["0600"], ["0500"], {"3":"1600"}, [], [], ["Fri 21"], [], {"3":"10:00"}, [], {"3":"9:40"}, {"3":"0:55"}, ["KRP","CPH","KRP","CPH"], ["0700","0820","0945","1445"], ["0600","0720","0845","1345"], {"2":"NAH","3":"LET"}, [], [], ["DO4","DO4","DO4","DO4"], {"3":"12:00"}, {"1":"|","2":"|","3":"|"}, [], [], ["CP (PIC)FOCA","|","|","|"], ["DX 0073","DX 0074","DX 0077","DX 0080"], [], [], {"3":"0400+1"}, [], ["CPH","KRP","CPH","KRP"], ["0750","0910","1035","1540"], ["0650","0810","0935","1440"], []), (["CAR","DX21","DX22","CAR"], {"1":"OYJRJ","2":"OYJRJ"}, {"3":"2:20"}, {"1":"HANTHIILV","2":"|"}, ["0655","0820"], ["0555","0720"], {"3":"1410"}, [], [], ["Sat 22"], {"0":"DH","3":"DH"}, {"3":"7:15"}, [], {"3":"5:15"}, [], ["KRP","EBJ","SVG","EBJ"], ["0655","0920","1100","1230"], ["0555","0820","1000","1130"], [], [], [], {"1":"DO4","2":"DO4"}, {"3":"13:00"}, {"2":"|"}, [], [], {"1":"CP (PIC)FOCA","2":"|"}, ["Comapany Car","DX 0021","DX 0022","Company Car"], [], [], {"3":"0210+1"}, [], ["EBJ","SVG","EBJ","KRP"], ["0820","1030","1210","1410"], ["0720","0930","1110","1310"], []), (["DX79","DX82","DX85","DX86"], ["OYJRY","OYJRY","OYJRY","OYJRY"], {"3":"3:20"}, ["HANBROILV","|","|","|"], ["1045"], ["0945"], {"3":"2050"}, [], [], ["Sun 23"], [], {"3":"10:05"}, [], {"3":"9:45"}, {"3":"0:50"}, ["KRP","CPH","KRP","CPH"], ["1145","1700","1820","1940"], ["1045","1600","1720","1840"], {"1":"NAH"}, [], [], ["DO4","DO4","DO4","DO4"], {"3":"12:00"}, {"1":"|","2":"|","3":"|"}, [], [], ["CP (PIC)FOCA","|","|","|"], ["DX 0079","DX 0082","DX 0085","DX 0086"], [], [], {"3":"0850+1"}, [], ["CPH","KRP","CPH","KRP"], ["1235","1750","1910","2030"], ["1135","1650","1810","1930"], [])) [] []
[2024-04-05T17:08:16.824899+00:00] name.INFO: file upload started [] []
[2024-04-05T17:08:16.825813+00:00] name.INFO: file upload completed [] []
[2024-04-05T17:08:32.363741+00:00] name.INFO: file upload started [] []
[2024-04-05T17:08:32.364289+00:00] name.INFO: file upload completed [] []
[2024-04-05T17:09:25.154966+00:00] name.INFO: file upload started [] []
[2024-04-05T17:09:25.155678+00:00] name.INFO: file upload completed [] []
[2024-04-05T17:23:33.304342+00:00] name.INFO: file upload started [] []
[2024-04-05T17:23:33.305064+00:00] name.INFO: file upload completed [] []
[2024-04-05T18:14:49.224263+00:00] name.INFO: file upload started [] []
[2024-04-05T18:14:49.225179+00:00] name.INFO: file upload completed [] []
[2024-04-05T18:15:16.895815+00:00] name.INFO: file upload started [] []
[2024-04-05T18:15:16.896489+00:00] name.INFO: file upload completed [] []
[2024-04-05T18:49:42.378568+00:00] name.INFO: file upload started [] []
[2024-04-05T18:49:42.380034+00:00] name.INFO: file upload completed [] []
[2024-04-05T18:50:23.504127+00:00] name.INFO: file upload started [] []
[2024-04-05T18:50:23.504712+00:00] name.INFO: file upload completed [] []
[2024-04-05T18:51:21.848482+00:00] name.INFO: file upload started [] []
[2024-04-05T18:51:21.849023+00:00] name.INFO: file upload completed [] []
[2024-04-05T18:52:08.177107+00:00] name.INFO: file upload started [] []
[2024-04-05T18:52:08.177687+00:00] name.INFO: file upload completed [] []
[2024-04-05T18:53:24.792555+00:00] name.INFO: file upload started [] []
[2024-04-05T18:53:24.793119+00:00] name.INFO: file upload completed [] []
[2024-04-05T18:53:49.033463+00:00] name.INFO: file upload started [] []
[2024-04-05T18:53:49.034021+00:00] name.INFO: file upload completed [] []
[2024-04-05T19:06:01.065151+00:00] name.INFO: file upload started [] []
[2024-04-05T19:06:01.066185+00:00] name.INFO: file upload completed [] []
[2024-04-05T19:07:44.493642+00:00] name.INFO: file upload started [] []
[2024-04-05T19:07:44.494217+00:00] name.INFO: file upload completed [] []
[2024-04-05T19:07:44.510460+00:00] name.ERROR: Activity does not follow the rule [] []
[2024-04-05T19:08:36.541295+00:00] name.INFO: file upload started [] []
[2024-04-05T19:08:36.541915+00:00] name.INFO: file upload completed [] []
[2024-04-05T19:09:03.874522+00:00] name.INFO: file upload started [] []
[2024-04-05T19:09:03.875087+00:00] name.INFO: file upload completed [] []
[2024-04-05T19:09:03.890316+00:00] name.ERROR: OFF. Activity does not follow the rule [] []
[2024-04-05T19:10:25.511952+00:00] name.INFO: file upload started [] []
[2024-04-05T19:10:25.512466+00:00] name.INFO: file upload completed [] []
[2024-04-05T19:10:25.546484+00:00] name.ERROR: SBY. Activity does not follow the rule [] []
[2024-04-05T19:10:37.261124+00:00] name.INFO: file upload started [] []
[2024-04-05T19:10:37.261704+00:00] name.INFO: file upload completed [] []
[2024-04-05T19:10:37.277074+00:00] name.ERROR: CAR. Activity does not follow the rule [] []
[2024-04-05T19:10:45.936661+00:00] name.INFO: file upload started [] []
[2024-04-05T19:10:45.937225+00:00] name.INFO: file upload completed [] []
[2024-04-05T19:17:21.409861+00:00] name.INFO: file upload started [] []
[2024-04-05T19:17:21.410400+00:00] name.INFO: file upload completed [] []
[2024-04-06T05:00:14.414189+00:00] name.INFO: file upload started [] []
[2024-04-06T05:00:14.417427+00:00] name.INFO: file not found [] []
[2024-04-06T05:00:22.706684+00:00] name.INFO: file upload started [] []
[2024-04-06T05:00:22.707247+00:00] name.INFO: file not found [] []
[2024-04-06T05:00:41.763999+00:00] name.INFO: file upload started [] []
[2024-04-06T05:00:41.764848+00:00] name.INFO: file not found [] []
[2024-04-06T05:01:10.251624+00:00] name.INFO: file upload started [] []
[2024-04-06T05:01:10.252747+00:00] name.INFO: file upload completed [] []
[2024-04-06T05:01:17.752916+00:00] name.INFO: file upload started [] []
[2024-04-06T05:01:17.753456+00:00] name.INFO: file upload completed [] []
[2024-04-06T05:02:04.850327+00:00] name.INFO: file upload started [] []
[2024-04-06T05:02:04.851071+00:00] name.INFO: file upload completed [] []
[2024-04-06T05:02:04.889826+00:00] name.ERROR: Trying to access array offset on value of type null [] []
[2024-04-06T05:02:21.732514+00:00] name.INFO: file upload started [] []
[2024-04-06T05:02:21.733192+00:00] name.INFO: file upload completed [] []
[2024-04-06T05:02:38.538329+00:00] name.INFO: file upload started [] []
[2024-04-06T05:02:38.538970+00:00] name.INFO: file upload completed [] []
[2024-04-06T05:04:27.395925+00:00] name.INFO: file upload started [] []
[2024-04-06T05:04:27.396544+00:00] name.INFO: file upload completed [] []
[2024-04-06T06:49:50.615820+00:00] name.INFO: file upload started [] []
[2024-04-06T06:49:50.617032+00:00] name.INFO: file upload completed [] []
[2024-04-06T06:58:17.720144+00:00] name.INFO: file upload started [] []
[2024-04-06T06:58:17.720754+00:00] name.INFO: file upload completed [] []
[2024-04-06T07:13:58.023308+00:00] name.INFO: file upload started [] []
[2024-04-06T07:13:58.023951+00:00] name.INFO: file upload completed [] []
[2024-04-06T07:18:22.329834+00:00] name.INFO: file upload started [] []
[2024-04-06T07:18:22.330424+00:00] name.INFO: file upload completed [] []
[2024-04-06T07:35:36.276983+00:00] name.INFO: file upload started [] []
[2024-04-06T07:35:36.278048+00:00] name.INFO: file upload completed [] []
